<?xml version="1.0" encoding="UTF-8"?>
<coverage generated="1772021702101" clover="3.2.0">
  <project timestamp="1772021702101" name="All files">
    <metrics statements="32" coveredstatements="32" conditionals="20" coveredconditionals="19" methods="6" coveredmethods="6" elements="58" coveredelements="57" complexity="0" loc="32" ncloc="32" packages="1" files="1" classes="1"/>
    <file name="users.service.ts" path="C:\Users\a-abdulkareem\Documents\DRIPS\stellarAid-api\src\users\users.service.ts">
      <metrics statements="32" coveredstatements="32" conditionals="20" coveredconditionals="19" methods="6" coveredmethods="6"/>
      <line num="1" count="1" type="stmt"/>
      <line num="6" count="1" type="stmt"/>
      <line num="7" count="1" type="stmt"/>
      <line num="8" count="1" type="stmt"/>
      <line num="13" count="1" type="stmt"/>
      <line num="16" count="43" type="cond" truecount="3" falsecount="1"/>
      <line num="20" count="44" type="stmt"/>
      <line num="21" count="41" type="cond" truecount="2" falsecount="0"/>
      <line num="22" count="8" type="stmt"/>
      <line num="24" count="33" type="stmt"/>
      <line num="28" count="7" type="stmt"/>
      <line num="35" count="6" type="stmt"/>
      <line num="36" count="5" type="stmt"/>
      <line num="37" count="5" type="stmt"/>
      <line num="44" count="12" type="stmt"/>
      <line num="46" count="10" type="cond" truecount="2" falsecount="0"/>
      <line num="47" count="10" type="cond" truecount="2" falsecount="0"/>
      <line num="48" count="10" type="cond" truecount="2" falsecount="0"/>
      <line num="49" count="10" type="cond" truecount="2" falsecount="0"/>
      <line num="50" count="10" type="cond" truecount="2" falsecount="0"/>
      <line num="51" count="10" type="cond" truecount="2" falsecount="0"/>
      <line num="53" count="10" type="stmt"/>
      <line num="54" count="10" type="stmt"/>
      <line num="56" count="3" type="cond" truecount="2" falsecount="0"/>
      <line num="57" count="2" type="stmt"/>
      <line num="61" count="1" type="stmt"/>
      <line num="64" count="7" type="stmt"/>
      <line num="68" count="18" type="stmt"/>
      <line num="72" count="16" type="stmt"/>
      <line num="80" count="16" type="stmt"/>
      <line num="81" count="16" type="stmt"/>
      <line num="85" count="16" type="stmt"/>
    </file>
  </project>
</coverage>
