{"C:\\Users\\hp\\Desktop\\wave\\stellarAid-api\\src\\app.controller.ts": {"path":"C:\\Users\\hp\\Desktop\\wave\\stellarAid-api\\src\\app.controller.ts","statementMap":{"0":{"start":{"line":1,"column":0},"end":{"line":1,"column":49}},"1":{"start":{"line":2,"column":0},"end":{"line":2,"column":43}},"2":{"start":{"line":5,"column":7},"end":{"line":12,"column":null}},"3":{"start":{"line":6,"column":31},"end":{"line":6,"column":43}},"4":{"start":{"line":10,"column":4},"end":{"line":10,"column":38}},"5":{"start":{"line":5,"column":13},"end":{"line":5,"column":26}},"6":{"start":{"line":9,"column":2},"end":{"line":11,"column":null}},"7":{"start":{"line":5,"column":13},"end":{"line":12,"column":null}}},"fnMap":{"0":{"name":"(anonymous_2)","decl":{"start":{"line":6,"column":2},"end":{"line":6,"column":31}},"loc":{"start":{"line":6,"column":53},"end":{"line":6,"column":57}}},"1":{"name":"(anonymous_3)","decl":{"start":{"line":9,"column":2},"end":{"line":9,"column":10}},"loc":{"start":{"line":9,"column":10},"end":{"line":11,"column":3}}}},"branchMap":{"0":{"loc":{"start":{"line":6,"column":43},"end":{"line":6,"column":56}},"type":"cond-expr","locations":[{"start":{"line":6,"column":53},"end":{"line":6,"column":56}},{"start":{"line":6,"column":53},"end":{"line":6,"column":56}}]},"1":{"loc":{"start":{"line":6,"column":43},"end":{"line":6,"column":53}},"type":"binary-expr","locations":[{"start":{"line":6,"column":43},"end":{"line":6,"column":56}},{"start":{"line":6,"column":43},"end":{"line":6,"column":53}}]}},"s":{"0":0,"1":0,"2":0,"3":0,"4":0,"5":0,"6":0,"7":0},"f":{"0":0,"1":0},"b":{"0":[0,0],"1":[0,0]}}
,"C:\\Users\\hp\\Desktop\\wave\\stellarAid-api\\src\\app.module.ts": {"path":"C:\\Users\\hp\\Desktop\\wave\\stellarAid-api\\src\\app.module.ts","statementMap":{"0":{"start":{"line":1,"column":0},"end":{"line":1,"column":40}},"1":{"start":{"line":2,"column":0},"end":{"line":2,"column":49}},"2":{"start":{"line":3,"column":0},"end":{"line":3,"column":43}},"3":{"start":{"line":4,"column":0},"end":{"line":4,"column":46}},"4":{"start":{"line":5,"column":0},"end":{"line":5,"column":60}},"5":{"start":{"line":6,"column":0},"end":{"line":6,"column":48}},"6":{"start":{"line":7,"column":0},"end":{"line":7,"column":51}},"7":{"start":{"line":8,"column":0},"end":{"line":8,"column":56}},"8":{"start":{"line":9,"column":0},"end":{"line":9,"column":46}},"9":{"start":{"line":10,"column":0},"end":{"line":10,"column":54}},"10":{"start":{"line":11,"column":0},"end":{"line":11,"column":60}},"11":{"start":{"line":31,"column":7},"end":{"line":31,"column":null}},"12":{"start":{"line":31,"column":13},"end":{"line":31,"column":22}},"13":{"start":{"line":31,"column":13},"end":{"line":31,"column":null}}},"fnMap":{},"branchMap":{},"s":{"0":0,"1":0,"2":0,"3":0,"4":0,"5":0,"6":0,"7":0,"8":0,"9":0,"10":0,"11":0,"12":0,"13":0},"f":{},"b":{}}
,"C:\\Users\\hp\\Desktop\\wave\\stellarAid-api\\src\\app.service.ts": {"path":"C:\\Users\\hp\\Desktop\\wave\\stellarAid-api\\src\\app.service.ts","statementMap":{"0":{"start":{"line":1,"column":0},"end":{"line":1,"column":44}},"1":{"start":{"line":4,"column":7},"end":{"line":8,"column":null}},"2":{"start":{"line":6,"column":4},"end":{"line":6,"column":26}},"3":{"start":{"line":4,"column":13},"end":{"line":4,"column":23}},"4":{"start":{"line":4,"column":13},"end":{"line":8,"column":null}}},"fnMap":{"0":{"name":"(anonymous_1)","decl":{"start":{"line":5,"column":2},"end":{"line":5,"column":10}},"loc":{"start":{"line":5,"column":10},"end":{"line":7,"column":3}}}},"branchMap":{},"s":{"0":0,"1":0,"2":0,"3":0,"4":0},"f":{"0":0},"b":{}}
,"C:\\Users\\hp\\Desktop\\wave\\stellarAid-api\\src\\main.ts": {"path":"C:\\Users\\hp\\Desktop\\wave\\stellarAid-api\\src\\main.ts","statementMap":{"0":{"start":{"line":1,"column":0},"end":{"line":1,"column":43}},"1":{"start":{"line":2,"column":0},"end":{"line":2,"column":41}},"2":{"start":{"line":3,"column":0},"end":{"line":3,"column":48}},"3":{"start":{"line":4,"column":0},"end":{"line":4,"column":56}},"4":{"start":{"line":5,"column":0},"end":{"line":5,"column":65}},"5":{"start":{"line":8,"column":2},"end":{"line":86,"column":3}},"6":{"start":{"line":9,"column":16},"end":{"line":9,"column":51}},"7":{"start":{"line":11,"column":4},"end":{"line":20,"column":6}},"8":{"start":{"line":23,"column":19},"end":{"line":23,"column":41}},"9":{"start":{"line":27,"column":6},"end":{"line":28,"column":43}},"10":{"start":{"line":29,"column":4},"end":{"line":67,"column":5}},"11":{"start":{"line":30,"column":21},"end":{"line":50,"column":16}},"12":{"start":{"line":52,"column":23},"end":{"line":52,"column":64}},"13":{"start":{"line":53,"column":6},"end":{"line":58,"column":9}},"14":{"start":{"line":61,"column":6},"end":{"line":63,"column":9}},"15":{"start":{"line":62,"column":8},"end":{"line":62,"column":27}},"16":{"start":{"line":65,"column":6},"end":{"line":65,"column":53}},"17":{"start":{"line":66,"column":6},"end":{"line":66,"column":60}},"18":{"start":{"line":69,"column":4},"end":{"line":69,"column":47}},"19":{"start":{"line":71,"column":4},"end":{"line":73,"column":6}},"20":{"start":{"line":76,"column":4},"end":{"line":84,"column":5}},"21":{"start":{"line":77,"column":21},"end":{"line":77,"column":56}},"22":{"start":{"line":78,"column":24},"end":{"line":78,"column":49}},"23":{"start":{"line":79,"column":6},"end":{"line":79,"column":68}},"24":{"start":{"line":83,"column":6},"end":{"line":83,"column":66}},"25":{"start":{"line":85,"column":4},"end":{"line":85,"column":20}},"26":{"start":{"line":88,"column":0},"end":{"line":88,"column":12}}},"fnMap":{"0":{"name":"bootstrap","decl":{"start":{"line":7,"column":15},"end":{"line":7,"column":24}},"loc":{"start":{"line":7,"column":24},"end":{"line":87,"column":1}}},"1":{"name":"(anonymous_1)","decl":{"start":{"line":61,"column":28},"end":{"line":61,"column":29}},"loc":{"start":{"line":61,"column":41},"end":{"line":63,"column":7}}}},"branchMap":{"0":{"loc":{"start":{"line":27,"column":6},"end":{"line":28,"column":43}},"type":"binary-expr","locations":[{"start":{"line":27,"column":6},"end":{"line":27,"column":43}},{"start":{"line":28,"column":6},"end":{"line":28,"column":43}}]},"1":{"loc":{"start":{"line":29,"column":4},"end":{"line":67,"column":5}},"type":"if","locations":[{"start":{"line":29,"column":4},"end":{"line":67,"column":5}},{"start":{},"end":{}}]},"2":{"loc":{"start":{"line":69,"column":21},"end":{"line":69,"column":45}},"type":"binary-expr","locations":[{"start":{"line":69,"column":21},"end":{"line":69,"column":37}},{"start":{"line":69,"column":41},"end":{"line":69,"column":45}}]},"3":{"loc":{"start":{"line":72,"column":50},"end":{"line":72,"column":74}},"type":"binary-expr","locations":[{"start":{"line":72,"column":50},"end":{"line":72,"column":66}},{"start":{"line":72,"column":70},"end":{"line":72,"column":74}}]}},"s":{"0":0,"1":0,"2":0,"3":0,"4":0,"5":0,"6":0,"7":0,"8":0,"9":0,"10":0,"11":0,"12":0,"13":0,"14":0,"15":0,"16":0,"17":0,"18":0,"19":0,"20":0,"21":0,"22":0,"23":0,"24":0,"25":0,"26":0},"f":{"0":0,"1":0},"b":{"0":[0,0],"1":[0,0],"2":[0,0],"3":[0,0]}}
,"C:\\Users\\hp\\Desktop\\wave\\stellarAid-api\\src\\auth\\auth.controller.ts": {"path":"C:\\Users\\hp\\Desktop\\wave\\stellarAid-api\\src\\auth\\auth.controller.ts","statementMap":{"0":{"start":{"line":1,"column":0},"end":{"line":1,"column":null}},"1":{"start":{"line":11,"column":0},"end":{"line":11,"column":45}},"2":{"start":{"line":12,"column":0},"end":{"line":12,"column":null}},"3":{"start":{"line":18,"column":0},"end":{"line":18,"column":45}},"4":{"start":{"line":19,"column":0},"end":{"line":19,"column":50}},"5":{"start":{"line":20,"column":0},"end":{"line":20,"column":44}},"6":{"start":{"line":21,"column":0},"end":{"line":21,"column":57}},"7":{"start":{"line":22,"column":0},"end":{"line":22,"column":71}},"8":{"start":{"line":23,"column":0},"end":{"line":23,"column":59}},"9":{"start":{"line":28,"column":7},"end":{"line":103,"column":null}},"10":{"start":{"line":29,"column":31},"end":{"line":29,"column":44}},"11":{"start":{"line":43,"column":4},"end":{"line":43,"column":50}},"12":{"start":{"line":54,"column":4},"end":{"line":54,"column":49}},"13":{"start":{"line":64,"column":4},"end":{"line":64,"column":20}},"14":{"start":{"line":75,"column":4},"end":{"line":75,"column":56}},"15":{"start":{"line":86,"column":4},"end":{"line":86,"column":70}},"16":{"start":{"line":101,"column":4},"end":{"line":101,"column":58}},"17":{"start":{"line":28,"column":13},"end":{"line":28,"column":27}},"18":{"start":{"line":42,"column":8},"end":{"line":44,"column":null}},"19":{"start":{"line":50,"column":8},"end":{"line":55,"column":null}},"20":{"start":{"line":63,"column":8},"end":{"line":65,"column":null}},"21":{"start":{"line":72,"column":8},"end":{"line":76,"column":null}},"22":{"start":{"line":83,"column":8},"end":{"line":87,"column":null}},"23":{"start":{"line":98,"column":8},"end":{"line":102,"column":null}},"24":{"start":{"line":28,"column":13},"end":{"line":103,"column":null}}},"fnMap":{"0":{"name":"(anonymous_4)","decl":{"start":{"line":29,"column":2},"end":{"line":29,"column":31}},"loc":{"start":{"line":29,"column":55},"end":{"line":29,"column":59}}},"1":{"name":"(anonymous_5)","decl":{"start":{"line":42,"column":8},"end":{"line":42,"column":16}},"loc":{"start":{"line":42,"column":49},"end":{"line":44,"column":3}}},"2":{"name":"(anonymous_6)","decl":{"start":{"line":50,"column":8},"end":{"line":50,"column":13}},"loc":{"start":{"line":52,"column":18},"end":{"line":55,"column":3}}},"3":{"name":"(anonymous_7)","decl":{"start":{"line":63,"column":8},"end":{"line":63,"column":18}},"loc":{"start":{"line":63,"column":33},"end":{"line":65,"column":3}}},"4":{"name":"(anonymous_8)","decl":{"start":{"line":72,"column":8},"end":{"line":72,"column":19}},"loc":{"start":{"line":73,"column":42},"end":{"line":76,"column":3}}},"5":{"name":"(anonymous_9)","decl":{"start":{"line":83,"column":8},"end":{"line":83,"column":26}},"loc":{"start":{"line":84,"column":56},"end":{"line":87,"column":3}}},"6":{"name":"(anonymous_10)","decl":{"start":{"line":98,"column":8},"end":{"line":98,"column":20}},"loc":{"start":{"line":99,"column":44},"end":{"line":102,"column":3}}}},"branchMap":{"0":{"loc":{"start":{"line":42,"column":38},"end":{"line":42,"column":52}},"type":"cond-expr","locations":[{"start":{"line":42,"column":49},"end":{"line":42,"column":52}},{"start":{"line":42,"column":49},"end":{"line":42,"column":52}}]},"1":{"loc":{"start":{"line":42,"column":38},"end":{"line":42,"column":49}},"type":"binary-expr","locations":[{"start":{"line":42,"column":38},"end":{"line":42,"column":52}},{"start":{"line":42,"column":38},"end":{"line":42,"column":49}}]},"2":{"loc":{"start":{"line":42,"column":52},"end":{"line":42,"column":null}},"type":"cond-expr","locations":[{"start":{"line":42,"column":59},"end":{"line":42,"column":null}},{"start":{"line":42,"column":59},"end":{"line":42,"column":null}}]},"3":{"loc":{"start":{"line":42,"column":52},"end":{"line":42,"column":59}},"type":"binary-expr","locations":[{"start":{"line":42,"column":52},"end":{"line":42,"column":null}},{"start":{"line":42,"column":52},"end":{"line":42,"column":59}}]},"4":{"loc":{"start":{"line":51,"column":22},"end":{"line":51,"column":null}},"type":"cond-expr","locations":[{"start":{"line":51,"column":30},"end":{"line":51,"column":null}},{"start":{"line":51,"column":30},"end":{"line":51,"column":null}}]},"5":{"loc":{"start":{"line":51,"column":22},"end":{"line":51,"column":30}},"type":"binary-expr","locations":[{"start":{"line":51,"column":22},"end":{"line":51,"column":null}},{"start":{"line":51,"column":22},"end":{"line":51,"column":30}}]},"6":{"loc":{"start":{"line":53,"column":5},"end":{"line":53,"column":null}},"type":"cond-expr","locations":[{"start":{"line":53,"column":12},"end":{"line":53,"column":null}},{"start":{"line":53,"column":12},"end":{"line":53,"column":null}}]},"7":{"loc":{"start":{"line":53,"column":5},"end":{"line":53,"column":12}},"type":"binary-expr","locations":[{"start":{"line":53,"column":5},"end":{"line":53,"column":null}},{"start":{"line":53,"column":5},"end":{"line":53,"column":12}}]},"8":{"loc":{"start":{"line":73,"column":28},"end":{"line":73,"column":null}},"type":"cond-expr","locations":[{"start":{"line":73,"column":42},"end":{"line":73,"column":null}},{"start":{"line":73,"column":42},"end":{"line":73,"column":null}}]},"9":{"loc":{"start":{"line":73,"column":28},"end":{"line":73,"column":42}},"type":"binary-expr","locations":[{"start":{"line":73,"column":28},"end":{"line":73,"column":null}},{"start":{"line":73,"column":28},"end":{"line":73,"column":42}}]},"10":{"loc":{"start":{"line":74,"column":5},"end":{"line":74,"column":null}},"type":"cond-expr","locations":[{"start":{"line":74,"column":12},"end":{"line":74,"column":null}},{"start":{"line":74,"column":12},"end":{"line":74,"column":null}}]},"11":{"loc":{"start":{"line":74,"column":5},"end":{"line":74,"column":12}},"type":"binary-expr","locations":[{"start":{"line":74,"column":5},"end":{"line":74,"column":null}},{"start":{"line":74,"column":5},"end":{"line":74,"column":12}}]},"12":{"loc":{"start":{"line":84,"column":35},"end":{"line":84,"column":null}},"type":"cond-expr","locations":[{"start":{"line":84,"column":56},"end":{"line":84,"column":null}},{"start":{"line":84,"column":56},"end":{"line":84,"column":null}}]},"13":{"loc":{"start":{"line":84,"column":35},"end":{"line":84,"column":56}},"type":"binary-expr","locations":[{"start":{"line":84,"column":35},"end":{"line":84,"column":null}},{"start":{"line":84,"column":35},"end":{"line":84,"column":56}}]},"14":{"loc":{"start":{"line":85,"column":5},"end":{"line":85,"column":null}},"type":"cond-expr","locations":[{"start":{"line":85,"column":12},"end":{"line":85,"column":null}},{"start":{"line":85,"column":12},"end":{"line":85,"column":null}}]},"15":{"loc":{"start":{"line":85,"column":5},"end":{"line":85,"column":12}},"type":"binary-expr","locations":[{"start":{"line":85,"column":5},"end":{"line":85,"column":null}},{"start":{"line":85,"column":5},"end":{"line":85,"column":12}}]},"16":{"loc":{"start":{"line":99,"column":29},"end":{"line":99,"column":null}},"type":"cond-expr","locations":[{"start":{"line":99,"column":44},"end":{"line":99,"column":null}},{"start":{"line":99,"column":44},"end":{"line":99,"column":null}}]},"17":{"loc":{"start":{"line":99,"column":29},"end":{"line":99,"column":44}},"type":"binary-expr","locations":[{"start":{"line":99,"column":29},"end":{"line":99,"column":null}},{"start":{"line":99,"column":29},"end":{"line":99,"column":44}}]},"18":{"loc":{"start":{"line":100,"column":5},"end":{"line":100,"column":null}},"type":"cond-expr","locations":[{"start":{"line":100,"column":12},"end":{"line":100,"column":null}},{"start":{"line":100,"column":12},"end":{"line":100,"column":null}}]},"19":{"loc":{"start":{"line":100,"column":5},"end":{"line":100,"column":12}},"type":"binary-expr","locations":[{"start":{"line":100,"column":5},"end":{"line":100,"column":null}},{"start":{"line":100,"column":5},"end":{"line":100,"column":12}}]},"20":{"loc":{"start":{"line":29,"column":44},"end":{"line":29,"column":58}},"type":"cond-expr","locations":[{"start":{"line":29,"column":55},"end":{"line":29,"column":58}},{"start":{"line":29,"column":55},"end":{"line":29,"column":58}}]},"21":{"loc":{"start":{"line":29,"column":44},"end":{"line":29,"column":55}},"type":"binary-expr","locations":[{"start":{"line":29,"column":44},"end":{"line":29,"column":58}},{"start":{"line":29,"column":44},"end":{"line":29,"column":55}}]}},"s":{"0":0,"1":0,"2":0,"3":0,"4":0,"5":0,"6":0,"7":0,"8":0,"9":0,"10":0,"11":0,"12":0,"13":0,"14":0,"15":0,"16":0,"17":0,"18":0,"19":0,"20":0,"21":0,"22":0,"23":0,"24":0},"f":{"0":0,"1":0,"2":0,"3":0,"4":0,"5":0,"6":0},"b":{"0":[0,0],"1":[0,0],"2":[0,0],"3":[0,0],"4":[0,0],"5":[0,0],"6":[0,0],"7":[0,0],"8":[0,0],"9":[0,0],"10":[0,0],"11":[0,0],"12":[0,0],"13":[0,0],"14":[0,0],"15":[0,0],"16":[0,0],"17":[0,0],"18":[0,0],"19":[0,0],"20":[0,0],"21":[0,0]}}
,"C:\\Users\\hp\\Desktop\\wave\\stellarAid-api\\src\\auth\\auth.module.ts": {"path":"C:\\Users\\hp\\Desktop\\wave\\stellarAid-api\\src\\auth\\auth.module.ts","statementMap":{"0":{"start":{"line":1,"column":0},"end":{"line":1,"column":null}},"1":{"start":{"line":7,"column":0},"end":{"line":7,"column":51}},"2":{"start":{"line":8,"column":0},"end":{"line":8,"column":45}},"3":{"start":{"line":9,"column":0},"end":{"line":9,"column":50}},"4":{"start":{"line":10,"column":0},"end":{"line":10,"column":40}},"5":{"start":{"line":11,"column":0},"end":{"line":11,"column":61}},"6":{"start":{"line":12,"column":0},"end":{"line":12,"column":41}},"7":{"start":{"line":13,"column":0},"end":{"line":13,"column":48}},"8":{"start":{"line":14,"column":0},"end":{"line":14,"column":53}},"9":{"start":{"line":16,"column":0},"end":{"line":16,"column":56}},"10":{"start":{"line":17,"column":0},"end":{"line":17,"column":85}},"11":{"start":{"line":18,"column":0},"end":{"line":18,"column":54}},"12":{"start":{"line":43,"column":7},"end":{"line":49,"column":null}},"13":{"start":{"line":45,"column":4},"end":{"line":47,"column":59}},"14":{"start":{"line":43,"column":13},"end":{"line":43,"column":23}},"15":{"start":{"line":43,"column":13},"end":{"line":49,"column":null}},"16":{"start":{"line":27,"column":46},"end":{"line":32,"column":8}}},"fnMap":{"0":{"name":"(anonymous_1)","decl":{"start":{"line":44,"column":2},"end":{"line":44,"column":11}},"loc":{"start":{"line":44,"column":40},"end":{"line":48,"column":3}}},"1":{"name":"(anonymous_2)","decl":{"start":{"line":27,"column":18},"end":{"line":27,"column":19}},"loc":{"start":{"line":27,"column":46},"end":{"line":32,"column":8}}}},"branchMap":{},"s":{"0":0,"1":0,"2":0,"3":0,"4":0,"5":0,"6":0,"7":0,"8":0,"9":0,"10":0,"11":0,"12":0,"13":0,"14":0,"15":0,"16":0},"f":{"0":0,"1":0},"b":{}}
,"C:\\Users\\hp\\Desktop\\wave\\stellarAid-api\\src\\auth\\auth.service.ts": {"path":"C:\\Users\\hp\\Desktop\\wave\\stellarAid-api\\src\\auth\\auth.service.ts","statementMap":{"0":{"start":{"line":1,"column":0},"end":{"line":1,"column":null}},"1":{"start":{"line":11,"column":0},"end":{"line":11,"column":41}},"2":{"start":{"line":12,"column":0},"end":{"line":12,"column":51}},"3":{"start":{"line":13,"column":0},"end":{"line":13,"column":37}},"4":{"start":{"line":14,"column":0},"end":{"line":14,"column":33}},"5":{"start":{"line":15,"column":0},"end":{"line":15,"column":33}},"6":{"start":{"line":16,"column":0},"end":{"line":16,"column":47}},"7":{"start":{"line":23,"column":0},"end":{"line":23,"column":74}},"8":{"start":{"line":29,"column":24},"end":{"line":482,"column":null}},"9":{"start":{"line":30,"column":28},"end":{"line":30,"column":56}},"10":{"start":{"line":34,"column":12},"end":{"line":34,"column":28}},"11":{"start":{"line":35,"column":12},"end":{"line":35,"column":24}},"12":{"start":{"line":36,"column":12},"end":{"line":36,"column":27}},"13":{"start":{"line":44,"column":17},"end":{"line":44,"column":77}},"14":{"start":{"line":45,"column":4},"end":{"line":47,"column":5}},"15":{"start":{"line":46,"column":6},"end":{"line":46,"column":52}},"16":{"start":{"line":49,"column":27},"end":{"line":51,"column":null}},"17":{"start":{"line":53,"column":4},"end":{"line":55,"column":5}},"18":{"start":{"line":54,"column":6},"end":{"line":54,"column":71}},"19":{"start":{"line":58,"column":23},"end":{"line":58,"column":25}},"20":{"start":{"line":59,"column":19},"end":{"line":59,"column":71}},"21":{"start":{"line":62,"column":4},"end":{"line":62,"column":27}},"22":{"start":{"line":63,"column":4},"end":{"line":63,"column":33}},"23":{"start":{"line":64,"column":4},"end":{"line":64,"column":41}},"24":{"start":{"line":67,"column":4},"end":{"line":86,"column":5}},"25":{"start":{"line":71,"column":6},"end":{"line":81,"column":7}},"26":{"start":{"line":77,"column":8},"end":{"line":80,"column":10}},"27":{"start":{"line":85,"column":6},"end":{"line":85,"column":64}},"28":{"start":{"line":88,"column":4},"end":{"line":88,"column":56}},"29":{"start":{"line":92,"column":25},"end":{"line":94,"column":6}},"30":{"start":{"line":96,"column":4},"end":{"line":98,"column":5}},"31":{"start":{"line":97,"column":6},"end":{"line":97,"column":73}},"32":{"start":{"line":100,"column":23},"end":{"line":100,"column":25}},"33":{"start":{"line":101,"column":27},"end":{"line":101,"column":78}},"34":{"start":{"line":103,"column":17},"end":{"line":108,"column":6}},"35":{"start":{"line":110,"column":4},"end":{"line":110,"column":41}},"36":{"start":{"line":114,"column":4},"end":{"line":114,"column":67}},"37":{"start":{"line":116,"column":4},"end":{"line":116,"column":37}},"38":{"start":{"line":120,"column":17},"end":{"line":122,"column":6}},"39":{"start":{"line":124,"column":4},"end":{"line":126,"column":5}},"40":{"start":{"line":125,"column":6},"end":{"line":125,"column":61}},"41":{"start":{"line":128,"column":28},"end":{"line":130,"column":null}},"42":{"start":{"line":132,"column":4},"end":{"line":134,"column":5}},"43":{"start":{"line":133,"column":6},"end":{"line":133,"column":61}},"44":{"start":{"line":138,"column":4},"end":{"line":138,"column":66}},"45":{"start":{"line":140,"column":4},"end":{"line":140,"column":37}},"46":{"start":{"line":144,"column":32},"end":{"line":149,"column":6}},"47":{"start":{"line":151,"column":40},"end":{"line":160,"column":6}},"48":{"start":{"line":163,"column":23},"end":{"line":163,"column":25}},"49":{"start":{"line":164,"column":4},"end":{"line":164,"column":72}},"50":{"start":{"line":165,"column":4},"end":{"line":165,"column":41}},"51":{"start":{"line":167,"column":4},"end":{"line":179,"column":6}},"52":{"start":{"line":183,"column":17},"end":{"line":185,"column":6}},"53":{"start":{"line":186,"column":4},"end":{"line":188,"column":5}},"54":{"start":{"line":187,"column":6},"end":{"line":187,"column":40}},"55":{"start":{"line":189,"column":4},"end":{"line":189,"column":16}},"56":{"start":{"line":196,"column":17},"end":{"line":198,"column":6}},"57":{"start":{"line":200,"column":4},"end":{"line":202,"column":5}},"58":{"start":{"line":201,"column":6},"end":{"line":201,"column":77}},"59":{"start":{"line":204,"column":4},"end":{"line":209,"column":5}},"60":{"start":{"line":208,"column":6},"end":{"line":208,"column":70}},"61":{"start":{"line":211,"column":4},"end":{"line":211,"column":32}},"62":{"start":{"line":212,"column":4},"end":{"line":212,"column":39}},"63":{"start":{"line":213,"column":4},"end":{"line":213,"column":45}},"64":{"start":{"line":214,"column":4},"end":{"line":214,"column":41}},"65":{"start":{"line":216,"column":4},"end":{"line":216,"column":54}},"66":{"start":{"line":222,"column":17},"end":{"line":224,"column":6}},"67":{"start":{"line":226,"column":4},"end":{"line":228,"column":5}},"68":{"start":{"line":227,"column":6},"end":{"line":227,"column":52}},"69":{"start":{"line":230,"column":4},"end":{"line":232,"column":5}},"70":{"start":{"line":231,"column":6},"end":{"line":231,"column":65}},"71":{"start":{"line":235,"column":4},"end":{"line":235,"column":52}},"72":{"start":{"line":239,"column":17},"end":{"line":239,"column":72}},"73":{"start":{"line":242,"column":4},"end":{"line":247,"column":5}},"74":{"start":{"line":243,"column":6},"end":{"line":246,"column":8}},"75":{"start":{"line":249,"column":21},"end":{"line":249,"column":59}},"76":{"start":{"line":250,"column":22},"end":{"line":250,"column":60}},"77":{"start":{"line":251,"column":23},"end":{"line":251,"column":25}},"78":{"start":{"line":252,"column":26},"end":{"line":252,"column":66}},"79":{"start":{"line":254,"column":4},"end":{"line":254,"column":47}},"80":{"start":{"line":255,"column":4},"end":{"line":255,"column":48}},"81":{"start":{"line":256,"column":4},"end":{"line":256,"column":74}},"82":{"start":{"line":257,"column":4},"end":{"line":257,"column":41}},"83":{"start":{"line":259,"column":18},"end":{"line":259,"column":44}},"84":{"start":{"line":261,"column":4},"end":{"line":278,"column":5}},"85":{"start":{"line":263,"column":6},"end":{"line":273,"column":7}},"86":{"start":{"line":268,"column":8},"end":{"line":272,"column":10}},"87":{"start":{"line":277,"column":6},"end":{"line":277,"column":63}},"88":{"start":{"line":280,"column":4},"end":{"line":283,"column":6}},"89":{"start":{"line":290,"column":18},"end":{"line":290,"column":34}},"90":{"start":{"line":291,"column":4},"end":{"line":293,"column":5}},"91":{"start":{"line":292,"column":6},"end":{"line":292,"column":53}},"92":{"start":{"line":295,"column":34},"end":{"line":295,"column":39}},"93":{"start":{"line":296,"column":17},"end":{"line":298,"column":6}},"94":{"start":{"line":299,"column":4},"end":{"line":305,"column":5}},"95":{"start":{"line":304,"column":6},"end":{"line":304,"column":64}},"96":{"start":{"line":307,"column":4},"end":{"line":309,"column":5}},"97":{"start":{"line":308,"column":6},"end":{"line":308,"column":64}},"98":{"start":{"line":311,"column":20},"end":{"line":313,"column":null}},"99":{"start":{"line":315,"column":4},"end":{"line":317,"column":5}},"100":{"start":{"line":316,"column":6},"end":{"line":316,"column":64}},"101":{"start":{"line":320,"column":23},"end":{"line":320,"column":25}},"102":{"start":{"line":321,"column":19},"end":{"line":321,"column":61}},"103":{"start":{"line":322,"column":4},"end":{"line":322,"column":27}},"104":{"start":{"line":323,"column":4},"end":{"line":323,"column":43}},"105":{"start":{"line":324,"column":4},"end":{"line":324,"column":39}},"106":{"start":{"line":325,"column":4},"end":{"line":325,"column":41}},"107":{"start":{"line":327,"column":4},"end":{"line":327,"column":33}},"108":{"start":{"line":328,"column":4},"end":{"line":328,"column":41}},"109":{"start":{"line":330,"column":4},"end":{"line":345,"column":5}},"110":{"start":{"line":332,"column":6},"end":{"line":342,"column":7}},"111":{"start":{"line":338,"column":8},"end":{"line":341,"column":10}},"112":{"start":{"line":344,"column":6},"end":{"line":344,"column":65}},"113":{"start":{"line":347,"column":4},"end":{"line":347,"column":54}},"114":{"start":{"line":354,"column":17},"end":{"line":354,"column":77}},"115":{"start":{"line":355,"column":4},"end":{"line":357,"column":5}},"116":{"start":{"line":356,"column":6},"end":{"line":356,"column":52}},"117":{"start":{"line":359,"column":4},"end":{"line":359,"column":39}},"118":{"start":{"line":360,"column":4},"end":{"line":360,"column":48}},"119":{"start":{"line":361,"column":4},"end":{"line":361,"column":37}},"120":{"start":{"line":362,"column":4},"end":{"line":362,"column":35}},"121":{"start":{"line":363,"column":4},"end":{"line":363,"column":41}},"122":{"start":{"line":365,"column":4},"end":{"line":379,"column":5}},"123":{"start":{"line":367,"column":6},"end":{"line":376,"column":7}},"124":{"start":{"line":372,"column":8},"end":{"line":375,"column":10}},"125":{"start":{"line":378,"column":6},"end":{"line":378,"column":62}},"126":{"start":{"line":381,"column":4},"end":{"line":381,"column":61}},"127":{"start":{"line":388,"column":17},"end":{"line":388,"column":77}},"128":{"start":{"line":389,"column":4},"end":{"line":391,"column":5}},"129":{"start":{"line":390,"column":6},"end":{"line":390,"column":52}},"130":{"start":{"line":393,"column":22},"end":{"line":393,"column":36}},"131":{"start":{"line":394,"column":4},"end":{"line":394,"column":38}},"132":{"start":{"line":396,"column":4},"end":{"line":401,"column":5}},"133":{"start":{"line":397,"column":6},"end":{"line":397,"column":38}},"134":{"start":{"line":398,"column":6},"end":{"line":398,"column":37}},"135":{"start":{"line":399,"column":11},"end":{"line":401,"column":5}},"136":{"start":{"line":400,"column":6},"end":{"line":400,"column":76}},"137":{"start":{"line":403,"column":4},"end":{"line":403,"column":41}},"138":{"start":{"line":405,"column":4},"end":{"line":422,"column":5}},"139":{"start":{"line":407,"column":6},"end":{"line":419,"column":7}},"140":{"start":{"line":413,"column":8},"end":{"line":418,"column":10}},"141":{"start":{"line":421,"column":6},"end":{"line":421,"column":66}},"142":{"start":{"line":424,"column":4},"end":{"line":424,"column":68}},"143":{"start":{"line":428,"column":4},"end":{"line":480,"column":5}},"144":{"start":{"line":430,"column":22},"end":{"line":432,"column":8}},"145":{"start":{"line":435,"column":19},"end":{"line":437,"column":8}},"146":{"start":{"line":438,"column":6},"end":{"line":440,"column":7}},"147":{"start":{"line":439,"column":8},"end":{"line":439,"column":65}},"148":{"start":{"line":443,"column":6},"end":{"line":448,"column":7}},"149":{"start":{"line":444,"column":8},"end":{"line":446,"column":10}},"150":{"start":{"line":447,"column":8},"end":{"line":447,"column":65}},"151":{"start":{"line":450,"column":27},"end":{"line":452,"column":null}},"152":{"start":{"line":454,"column":6},"end":{"line":462,"column":7}},"153":{"start":{"line":456,"column":8},"end":{"line":458,"column":10}},"154":{"start":{"line":459,"column":8},"end":{"line":459,"column":37}},"155":{"start":{"line":460,"column":8},"end":{"line":460,"column":45}},"156":{"start":{"line":461,"column":8},"end":{"line":461,"column":65}},"157":{"start":{"line":465,"column":24},"end":{"line":465,"column":55}},"158":{"start":{"line":469,"column":6},"end":{"line":469,"column":74}},"159":{"start":{"line":471,"column":6},"end":{"line":471,"column":23}},"160":{"start":{"line":473,"column":6},"end":{"line":478,"column":7}},"161":{"start":{"line":477,"column":8},"end":{"line":477,"column":76}},"162":{"start":{"line":479,"column":6},"end":{"line":479,"column":18}},"163":{"start":{"line":29,"column":13},"end":{"line":29,"column":24}},"164":{"start":{"line":29,"column":13},"end":{"line":482,"column":null}}},"fnMap":{"0":{"name":"(anonymous_13)","decl":{"start":{"line":32,"column":2},"end":{"line":32,"column":null}},"loc":{"start":{"line":36,"column":40},"end":{"line":37,"column":6}}},"1":{"name":"(anonymous_14)","decl":{"start":{"line":40,"column":2},"end":{"line":40,"column":7}},"loc":{"start":{"line":42,"column":32},"end":{"line":89,"column":3}}},"2":{"name":"(anonymous_15)","decl":{"start":{"line":91,"column":2},"end":{"line":91,"column":7}},"loc":{"start":{"line":91,"column":41},"end":{"line":117,"column":3}}},"3":{"name":"(anonymous_16)","decl":{"start":{"line":119,"column":2},"end":{"line":119,"column":7}},"loc":{"start":{"line":119,"column":47},"end":{"line":141,"column":3}}},"4":{"name":"(anonymous_17)","decl":{"start":{"line":143,"column":2},"end":{"line":143,"column":7}},"loc":{"start":{"line":143,"column":33},"end":{"line":180,"column":3}}},"5":{"name":"(anonymous_18)","decl":{"start":{"line":182,"column":2},"end":{"line":182,"column":7}},"loc":{"start":{"line":182,"column":40},"end":{"line":190,"column":3}}},"6":{"name":"(anonymous_19)","decl":{"start":{"line":192,"column":2},"end":{"line":192,"column":7}},"loc":{"start":{"line":193,"column":34},"end":{"line":217,"column":3}}},"7":{"name":"(anonymous_20)","decl":{"start":{"line":219,"column":2},"end":{"line":219,"column":7}},"loc":{"start":{"line":220,"column":48},"end":{"line":236,"column":3}}},"8":{"name":"(anonymous_21)","decl":{"start":{"line":238,"column":2},"end":{"line":238,"column":7}},"loc":{"start":{"line":238,"column":36},"end":{"line":284,"column":3}}},"9":{"name":"(anonymous_22)","decl":{"start":{"line":286,"column":2},"end":{"line":286,"column":7}},"loc":{"start":{"line":288,"column":23},"end":{"line":348,"column":3}}},"10":{"name":"(anonymous_23)","decl":{"start":{"line":350,"column":2},"end":{"line":350,"column":7}},"loc":{"start":{"line":352,"column":27},"end":{"line":382,"column":3}}},"11":{"name":"(anonymous_24)","decl":{"start":{"line":384,"column":2},"end":{"line":384,"column":7}},"loc":{"start":{"line":386,"column":27},"end":{"line":425,"column":3}}},"12":{"name":"(anonymous_25)","decl":{"start":{"line":427,"column":2},"end":{"line":427,"column":7}},"loc":{"start":{"line":427,"column":53},"end":{"line":481,"column":3}}}},"branchMap":{"0":{"loc":{"start":{"line":45,"column":4},"end":{"line":47,"column":5}},"type":"if","locations":[{"start":{"line":45,"column":4},"end":{"line":47,"column":5}},{"start":{},"end":{}}]},"1":{"loc":{"start":{"line":53,"column":4},"end":{"line":55,"column":5}},"type":"if","locations":[{"start":{"line":53,"column":4},"end":{"line":55,"column":5}},{"start":{},"end":{}}]},"2":{"loc":{"start":{"line":71,"column":6},"end":{"line":81,"column":7}},"type":"if","locations":[{"start":{"line":71,"column":6},"end":{"line":81,"column":7}},{"start":{},"end":{}}]},"3":{"loc":{"start":{"line":72,"column":9},"end":{"line":74,"column":20}},"type":"binary-expr","locations":[{"start":{"line":72,"column":9},"end":{"line":72,"column":34}},{"start":{"line":73,"column":8},"end":{"line":74,"column":20}}]},"4":{"loc":{"start":{"line":96,"column":4},"end":{"line":98,"column":5}},"type":"if","locations":[{"start":{"line":96,"column":4},"end":{"line":98,"column":5}},{"start":{},"end":{}}]},"5":{"loc":{"start":{"line":124,"column":4},"end":{"line":126,"column":5}},"type":"if","locations":[{"start":{"line":124,"column":4},"end":{"line":126,"column":5}},{"start":{},"end":{}}]},"6":{"loc":{"start":{"line":132,"column":4},"end":{"line":134,"column":5}},"type":"if","locations":[{"start":{"line":132,"column":4},"end":{"line":134,"column":5}},{"start":{},"end":{}}]},"7":{"loc":{"start":{"line":148,"column":21},"end":{"line":148,"column":52}},"type":"binary-expr","locations":[{"start":{"line":148,"column":21},"end":{"line":148,"column":39}},{"start":{"line":148,"column":43},"end":{"line":148,"column":52}}]},"8":{"loc":{"start":{"line":176,"column":23},"end":{"line":176,"column":47}},"type":"binary-expr","locations":[{"start":{"line":176,"column":23},"end":{"line":176,"column":41}},{"start":{"line":176,"column":45},"end":{"line":176,"column":47}}]},"9":{"loc":{"start":{"line":186,"column":4},"end":{"line":188,"column":5}},"type":"if","locations":[{"start":{"line":186,"column":4},"end":{"line":188,"column":5}},{"start":{},"end":{}}]},"10":{"loc":{"start":{"line":200,"column":4},"end":{"line":202,"column":5}},"type":"if","locations":[{"start":{"line":200,"column":4},"end":{"line":202,"column":5}},{"start":{},"end":{}}]},"11":{"loc":{"start":{"line":204,"column":4},"end":{"line":209,"column":5}},"type":"if","locations":[{"start":{"line":204,"column":4},"end":{"line":209,"column":5}},{"start":{},"end":{}}]},"12":{"loc":{"start":{"line":205,"column":6},"end":{"line":206,"column":52}},"type":"binary-expr","locations":[{"start":{"line":205,"column":6},"end":{"line":205,"column":39}},{"start":{"line":206,"column":6},"end":{"line":206,"column":52}}]},"13":{"loc":{"start":{"line":226,"column":4},"end":{"line":228,"column":5}},"type":"if","locations":[{"start":{"line":226,"column":4},"end":{"line":228,"column":5}},{"start":{},"end":{}}]},"14":{"loc":{"start":{"line":230,"column":4},"end":{"line":232,"column":5}},"type":"if","locations":[{"start":{"line":230,"column":4},"end":{"line":232,"column":5}},{"start":{},"end":{}}]},"15":{"loc":{"start":{"line":242,"column":4},"end":{"line":247,"column":5}},"type":"if","locations":[{"start":{"line":242,"column":4},"end":{"line":247,"column":5}},{"start":{},"end":{}}]},"16":{"loc":{"start":{"line":263,"column":6},"end":{"line":273,"column":7}},"type":"if","locations":[{"start":{"line":263,"column":6},"end":{"line":273,"column":7}},{"start":{},"end":{}}]},"17":{"loc":{"start":{"line":264,"column":9},"end":{"line":265,"column":79}},"type":"binary-expr","locations":[{"start":{"line":264,"column":9},"end":{"line":264,"column":34}},{"start":{"line":265,"column":8},"end":{"line":265,"column":79}}]},"18":{"loc":{"start":{"line":291,"column":4},"end":{"line":293,"column":5}},"type":"if","locations":[{"start":{"line":291,"column":4},"end":{"line":293,"column":5}},{"start":{},"end":{}}]},"19":{"loc":{"start":{"line":299,"column":4},"end":{"line":305,"column":5}},"type":"if","locations":[{"start":{"line":299,"column":4},"end":{"line":305,"column":5}},{"start":{},"end":{}}]},"20":{"loc":{"start":{"line":300,"column":6},"end":{"line":302,"column":36}},"type":"binary-expr","locations":[{"start":{"line":300,"column":6},"end":{"line":300,"column":11}},{"start":{"line":301,"column":6},"end":{"line":301,"column":34}},{"start":{"line":302,"column":6},"end":{"line":302,"column":36}}]},"21":{"loc":{"start":{"line":307,"column":4},"end":{"line":309,"column":5}},"type":"if","locations":[{"start":{"line":307,"column":4},"end":{"line":309,"column":5}},{"start":{},"end":{}}]},"22":{"loc":{"start":{"line":315,"column":4},"end":{"line":317,"column":5}},"type":"if","locations":[{"start":{"line":315,"column":4},"end":{"line":317,"column":5}},{"start":{},"end":{}}]},"23":{"loc":{"start":{"line":332,"column":6},"end":{"line":342,"column":7}},"type":"if","locations":[{"start":{"line":332,"column":6},"end":{"line":342,"column":7}},{"start":{},"end":{}}]},"24":{"loc":{"start":{"line":333,"column":9},"end":{"line":335,"column":20}},"type":"binary-expr","locations":[{"start":{"line":333,"column":9},"end":{"line":333,"column":34}},{"start":{"line":334,"column":8},"end":{"line":335,"column":20}}]},"25":{"loc":{"start":{"line":355,"column":4},"end":{"line":357,"column":5}},"type":"if","locations":[{"start":{"line":355,"column":4},"end":{"line":357,"column":5}},{"start":{},"end":{}}]},"26":{"loc":{"start":{"line":367,"column":6},"end":{"line":376,"column":7}},"type":"if","locations":[{"start":{"line":367,"column":6},"end":{"line":376,"column":7}},{"start":{},"end":{}}]},"27":{"loc":{"start":{"line":368,"column":9},"end":{"line":369,"column":78}},"type":"binary-expr","locations":[{"start":{"line":368,"column":9},"end":{"line":368,"column":34}},{"start":{"line":369,"column":8},"end":{"line":369,"column":78}}]},"28":{"loc":{"start":{"line":389,"column":4},"end":{"line":391,"column":5}},"type":"if","locations":[{"start":{"line":389,"column":4},"end":{"line":391,"column":5}},{"start":{},"end":{}}]},"29":{"loc":{"start":{"line":396,"column":4},"end":{"line":401,"column":5}},"type":"if","locations":[{"start":{"line":396,"column":4},"end":{"line":401,"column":5}},{"start":{"line":399,"column":11},"end":{"line":401,"column":5}}]},"30":{"loc":{"start":{"line":399,"column":11},"end":{"line":401,"column":5}},"type":"if","locations":[{"start":{"line":399,"column":11},"end":{"line":401,"column":5}},{"start":{},"end":{}}]},"31":{"loc":{"start":{"line":400,"column":32},"end":{"line":400,"column":75}},"type":"binary-expr","locations":[{"start":{"line":400,"column":32},"end":{"line":400,"column":57}},{"start":{"line":400,"column":61},"end":{"line":400,"column":75}}]},"32":{"loc":{"start":{"line":407,"column":6},"end":{"line":419,"column":7}},"type":"if","locations":[{"start":{"line":407,"column":6},"end":{"line":419,"column":7}},{"start":{},"end":{}}]},"33":{"loc":{"start":{"line":408,"column":9},"end":{"line":410,"column":20}},"type":"binary-expr","locations":[{"start":{"line":408,"column":9},"end":{"line":408,"column":34}},{"start":{"line":409,"column":8},"end":{"line":410,"column":20}}]},"34":{"loc":{"start":{"line":417,"column":10},"end":{"line":417,"column":48}},"type":"binary-expr","locations":[{"start":{"line":417,"column":10},"end":{"line":417,"column":35}},{"start":{"line":417,"column":39},"end":{"line":417,"column":48}}]},"35":{"loc":{"start":{"line":438,"column":6},"end":{"line":440,"column":7}},"type":"if","locations":[{"start":{"line":438,"column":6},"end":{"line":440,"column":7}},{"start":{},"end":{}}]},"36":{"loc":{"start":{"line":443,"column":6},"end":{"line":448,"column":7}},"type":"if","locations":[{"start":{"line":443,"column":6},"end":{"line":448,"column":7}},{"start":{},"end":{}}]},"37":{"loc":{"start":{"line":454,"column":6},"end":{"line":462,"column":7}},"type":"if","locations":[{"start":{"line":454,"column":6},"end":{"line":462,"column":7}},{"start":{},"end":{}}]},"38":{"loc":{"start":{"line":473,"column":6},"end":{"line":478,"column":7}},"type":"if","locations":[{"start":{"line":473,"column":6},"end":{"line":478,"column":7}},{"start":{},"end":{}}]},"39":{"loc":{"start":{"line":474,"column":8},"end":{"line":475,"column":42}},"type":"binary-expr","locations":[{"start":{"line":474,"column":8},"end":{"line":474,"column":42}},{"start":{"line":475,"column":8},"end":{"line":475,"column":42}}]},"40":{"loc":{"start":{"line":34,"column":28},"end":{"line":34,"column":44}},"type":"cond-expr","locations":[{"start":{"line":34,"column":38},"end":{"line":34,"column":44}},{"start":{"line":34,"column":38},"end":{"line":34,"column":44}}]},"41":{"loc":{"start":{"line":34,"column":28},"end":{"line":34,"column":38}},"type":"binary-expr","locations":[{"start":{"line":34,"column":28},"end":{"line":34,"column":44}},{"start":{"line":34,"column":28},"end":{"line":34,"column":38}}]},"42":{"loc":{"start":{"line":34,"column":38},"end":{"line":35,"column":null}},"type":"cond-expr","locations":[{"start":{"line":35,"column":34},"end":{"line":35,"column":null}},{"start":{"line":35,"column":34},"end":{"line":35,"column":null}}]},"43":{"loc":{"start":{"line":34,"column":38},"end":{"line":35,"column":34}},"type":"binary-expr","locations":[{"start":{"line":34,"column":38},"end":{"line":35,"column":null}},{"start":{"line":35,"column":24},"end":{"line":35,"column":34}}]},"44":{"loc":{"start":{"line":35,"column":34},"end":{"line":36,"column":null}},"type":"cond-expr","locations":[{"start":{"line":36,"column":40},"end":{"line":36,"column":null}},{"start":{"line":36,"column":40},"end":{"line":36,"column":null}}]},"45":{"loc":{"start":{"line":35,"column":34},"end":{"line":36,"column":40}},"type":"binary-expr","locations":[{"start":{"line":35,"column":34},"end":{"line":36,"column":null}},{"start":{"line":36,"column":27},"end":{"line":36,"column":40}}]}},"s":{"0":0,"1":0,"2":0,"3":0,"4":0,"5":0,"6":0,"7":0,"8":0,"9":0,"10":0,"11":0,"12":0,"13":0,"14":0,"15":0,"16":0,"17":0,"18":0,"19":0,"20":0,"21":0,"22":0,"23":0,"24":0,"25":0,"26":0,"27":0,"28":0,"29":0,"30":0,"31":0,"32":0,"33":0,"34":0,"35":0,"36":0,"37":0,"38":0,"39":0,"40":0,"41":0,"42":0,"43":0,"44":0,"45":0,"46":0,"47":0,"48":0,"49":0,"50":0,"51":0,"52":0,"53":0,"54":0,"55":0,"56":0,"57":0,"58":0,"59":0,"60":0,"61":0,"62":0,"63":0,"64":0,"65":0,"66":0,"67":0,"68":0,"69":0,"70":0,"71":0,"72":0,"73":0,"74":0,"75":0,"76":0,"77":0,"78":0,"79":0,"80":0,"81":0,"82":0,"83":0,"84":0,"85":0,"86":0,"87":0,"88":0,"89":0,"90":0,"91":0,"92":0,"93":0,"94":0,"95":0,"96":0,"97":0,"98":0,"99":0,"100":0,"101":0,"102":0,"103":0,"104":0,"105":0,"106":0,"107":0,"108":0,"109":0,"110":0,"111":0,"112":0,"113":0,"114":0,"115":0,"116":0,"117":0,"118":0,"119":0,"120":0,"121":0,"122":0,"123":0,"124":0,"125":0,"126":0,"127":0,"128":0,"129":0,"130":0,"131":0,"132":0,"133":0,"134":0,"135":0,"136":0,"137":0,"138":0,"139":0,"140":0,"141":0,"142":0,"143":0,"144":0,"145":0,"146":0,"147":0,"148":0,"149":0,"150":0,"151":0,"152":0,"153":0,"154":0,"155":0,"156":0,"157":0,"158":0,"159":0,"160":0,"161":0,"162":0,"163":0,"164":0},"f":{"0":0,"1":0,"2":0,"3":0,"4":0,"5":0,"6":0,"7":0,"8":0,"9":0,"10":0,"11":0,"12":0},"b":{"0":[0,0],"1":[0,0],"2":[0,0],"3":[0,0],"4":[0,0],"5":[0,0],"6":[0,0],"7":[0,0],"8":[0,0],"9":[0,0],"10":[0,0],"11":[0,0],"12":[0,0],"13":[0,0],"14":[0,0],"15":[0,0],"16":[0,0],"17":[0,0],"18":[0,0],"19":[0,0],"20":[0,0,0],"21":[0,0],"22":[0,0],"23":[0,0],"24":[0,0],"25":[0,0],"26":[0,0],"27":[0,0],"28":[0,0],"29":[0,0],"30":[0,0],"31":[0,0],"32":[0,0],"33":[0,0],"34":[0,0],"35":[0,0],"36":[0,0],"37":[0,0],"38":[0,0],"39":[0,0],"40":[0,0],"41":[0,0],"42":[0,0],"43":[0,0],"44":[0,0],"45":[0,0]}}
,"C:\\Users\\hp\\Desktop\\wave\\stellarAid-api\\src\\auth\\decorators\\current-user.decorator.ts": {"path":"C:\\Users\\hp\\Desktop\\wave\\stellarAid-api\\src\\auth\\decorators\\current-user.decorator.ts","statementMap":{"0":{"start":{"line":1,"column":0},"end":{"line":1,"column":72}},"1":{"start":{"line":16,"column":13},"end":{"line":24,"column":2}},"2":{"start":{"line":18,"column":20},"end":{"line":20,"column":51}},"3":{"start":{"line":21,"column":17},"end":{"line":21,"column":29}},"4":{"start":{"line":22,"column":4},"end":{"line":22,"column":40}}},"fnMap":{"0":{"name":"(anonymous_0)","decl":{"start":{"line":17,"column":2},"end":{"line":17,"column":3}},"loc":{"start":{"line":17,"column":65},"end":{"line":23,"column":3}}}},"branchMap":{"0":{"loc":{"start":{"line":22,"column":11},"end":{"line":22,"column":39}},"type":"cond-expr","locations":[{"start":{"line":22,"column":19},"end":{"line":22,"column":32}},{"start":{"line":22,"column":35},"end":{"line":22,"column":39}}]}},"s":{"0":0,"1":0,"2":0,"3":0,"4":0},"f":{"0":0},"b":{"0":[0,0]}}
,"C:\\Users\\hp\\Desktop\\wave\\stellarAid-api\\src\\auth\\decorators\\public.decorator.ts": {"path":"C:\\Users\\hp\\Desktop\\wave\\stellarAid-api\\src\\auth\\decorators\\public.decorator.ts","statementMap":{"0":{"start":{"line":1,"column":0},"end":{"line":1,"column":45}},"1":{"start":{"line":3,"column":13},"end":{"line":3,"column":40}},"2":{"start":{"line":13,"column":22},"end":{"line":13,"column":60}},"3":{"start":{"line":13,"column":28},"end":{"line":13,"column":60}},"4":{"start":{"line":13,"column":13},"end":{"line":13,"column":22}}},"fnMap":{"0":{"name":"(anonymous_0)","decl":{"start":{"line":13,"column":22},"end":{"line":13,"column":25}},"loc":{"start":{"line":13,"column":28},"end":{"line":13,"column":60}}}},"branchMap":{},"s":{"0":1,"1":1,"2":1,"3":1,"4":1},"f":{"0":1},"b":{}}
,"C:\\Users\\hp\\Desktop\\wave\\stellarAid-api\\src\\auth\\dtos\\login.dto.ts": {"path":"C:\\Users\\hp\\Desktop\\wave\\stellarAid-api\\src\\auth\\dtos\\login.dto.ts","statementMap":{"0":{"start":{"line":1,"column":0},"end":{"line":1,"column":64}},"1":{"start":{"line":2,"column":0},"end":{"line":2,"column":46}},"2":{"start":{"line":4,"column":0},"end":{"line":4,"column":13}},"3":{"start":{"line":12,"column":2},"end":{"line":12,"column":null}},"4":{"start":{"line":21,"column":2},"end":{"line":21,"column":null}}},"fnMap":{},"branchMap":{},"s":{"0":0,"1":0,"2":0,"3":0,"4":0},"f":{},"b":{}}
,"C:\\Users\\hp\\Desktop\\wave\\stellarAid-api\\src\\auth\\dtos\\refresh-token.dto.ts": {"path":"C:\\Users\\hp\\Desktop\\wave\\stellarAid-api\\src\\auth\\dtos\\refresh-token.dto.ts","statementMap":{"0":{"start":{"line":1,"column":0},"end":{"line":1,"column":55}},"1":{"start":{"line":2,"column":0},"end":{"line":2,"column":46}},"2":{"start":{"line":4,"column":0},"end":{"line":4,"column":13}},"3":{"start":{"line":11,"column":2},"end":{"line":11,"column":null}}},"fnMap":{},"branchMap":{},"s":{"0":0,"1":0,"2":0,"3":0},"f":{},"b":{}}
,"C:\\Users\\hp\\Desktop\\wave\\stellarAid-api\\src\\auth\\dtos\\register.dto.ts": {"path":"C:\\Users\\hp\\Desktop\\wave\\stellarAid-api\\src\\auth\\dtos\\register.dto.ts","statementMap":{"0":{"start":{"line":1,"column":0},"end":{"line":1,"column":null}},"1":{"start":{"line":10,"column":0},"end":{"line":10,"column":67}},"2":{"start":{"line":11,"column":0},"end":{"line":11,"column":60}},"3":{"start":{"line":13,"column":0},"end":{"line":13,"column":13}},"4":{"start":{"line":21,"column":2},"end":{"line":21,"column":null}},"5":{"start":{"line":39,"column":2},"end":{"line":39,"column":null}},"6":{"start":{"line":48,"column":2},"end":{"line":48,"column":null}},"7":{"start":{"line":57,"column":2},"end":{"line":57,"column":null}},"8":{"start":{"line":66,"column":2},"end":{"line":66,"column":null}},"9":{"start":{"line":75,"column":2},"end":{"line":75,"column":null}}},"fnMap":{},"branchMap":{"0":{"loc":{"start":{"line":75,"column":9},"end":{"line":75,"column":18}},"type":"cond-expr","locations":[{"start":{"line":75,"column":17},"end":{"line":75,"column":18}},{"start":{"line":75,"column":17},"end":{"line":75,"column":18}}]},"1":{"loc":{"start":{"line":75,"column":9},"end":{"line":75,"column":17}},"type":"binary-expr","locations":[{"start":{"line":75,"column":9},"end":{"line":75,"column":18}},{"start":{"line":75,"column":9},"end":{"line":75,"column":17}}]}},"s":{"0":0,"1":0,"2":0,"3":0,"4":0,"5":0,"6":0,"7":0,"8":0,"9":0},"f":{},"b":{"0":[0,0],"1":[0,0]}}
,"C:\\Users\\hp\\Desktop\\wave\\stellarAid-api\\src\\auth\\dtos\\resend-verification.dto.ts": {"path":"C:\\Users\\hp\\Desktop\\wave\\stellarAid-api\\src\\auth\\dtos\\resend-verification.dto.ts","statementMap":{"0":{"start":{"line":1,"column":0},"end":{"line":1,"column":54}},"1":{"start":{"line":2,"column":0},"end":{"line":2,"column":46}},"2":{"start":{"line":4,"column":0},"end":{"line":4,"column":13}},"3":{"start":{"line":12,"column":2},"end":{"line":12,"column":null}}},"fnMap":{},"branchMap":{},"s":{"0":0,"1":0,"2":0,"3":0},"f":{},"b":{}}
,"C:\\Users\\hp\\Desktop\\wave\\stellarAid-api\\src\\auth\\dtos\\verify-email.dto.ts": {"path":"C:\\Users\\hp\\Desktop\\wave\\stellarAid-api\\src\\auth\\dtos\\verify-email.dto.ts","statementMap":{"0":{"start":{"line":1,"column":0},"end":{"line":1,"column":55}},"1":{"start":{"line":2,"column":0},"end":{"line":2,"column":46}},"2":{"start":{"line":4,"column":0},"end":{"line":4,"column":13}},"3":{"start":{"line":11,"column":2},"end":{"line":11,"column":null}}},"fnMap":{},"branchMap":{},"s":{"0":0,"1":0,"2":0,"3":0},"f":{},"b":{}}
,"C:\\Users\\hp\\Desktop\\wave\\stellarAid-api\\src\\auth\\guard\\jwt-auth.guard.ts": {"path":"C:\\Users\\hp\\Desktop\\wave\\stellarAid-api\\src\\auth\\guard\\jwt-auth.guard.ts","statementMap":{"0":{"start":{"line":1,"column":0},"end":{"line":1,"column":62}},"1":{"start":{"line":2,"column":0},"end":{"line":2,"column":41}},"2":{"start":{"line":3,"column":0},"end":{"line":3,"column":45}},"3":{"start":{"line":5,"column":0},"end":{"line":5,"column":63}},"4":{"start":{"line":6,"column":0},"end":{"line":6,"column":58}},"5":{"start":{"line":9,"column":7},"end":{"line":24,"column":null}},"6":{"start":{"line":11,"column":4},"end":{"line":11,"column":12}},"7":{"start":{"line":10,"column":31},"end":{"line":10,"column":42}},"8":{"start":{"line":17,"column":21},"end":{"line":20,"column":6}},"9":{"start":{"line":21,"column":4},"end":{"line":21,"column":30}},"10":{"start":{"line":21,"column":18},"end":{"line":21,"column":30}},"11":{"start":{"line":22,"column":4},"end":{"line":22,"column":38}},"12":{"start":{"line":9,"column":13},"end":{"line":9,"column":25}},"13":{"start":{"line":9,"column":13},"end":{"line":24,"column":null}}},"fnMap":{"0":{"name":"(anonymous_2)","decl":{"start":{"line":10,"column":2},"end":{"line":10,"column":31}},"loc":{"start":{"line":10,"column":51},"end":{"line":12,"column":3}}},"1":{"name":"(anonymous_3)","decl":{"start":{"line":14,"column":2},"end":{"line":14,"column":13}},"loc":{"start":{"line":15,"column":29},"end":{"line":23,"column":3}}}},"branchMap":{"0":{"loc":{"start":{"line":21,"column":4},"end":{"line":21,"column":30}},"type":"if","locations":[{"start":{"line":21,"column":4},"end":{"line":21,"column":30}},{"start":{},"end":{}}]},"1":{"loc":{"start":{"line":10,"column":42},"end":{"line":10,"column":null}},"type":"cond-expr","locations":[{"start":{"line":10,"column":51},"end":{"line":10,"column":null}},{"start":{"line":10,"column":51},"end":{"line":10,"column":null}}]},"2":{"loc":{"start":{"line":10,"column":42},"end":{"line":10,"column":51}},"type":"binary-expr","locations":[{"start":{"line":10,"column":42},"end":{"line":10,"column":null}},{"start":{"line":10,"column":42},"end":{"line":10,"column":51}}]}},"s":{"0":0,"1":0,"2":0,"3":0,"4":0,"5":0,"6":0,"7":0,"8":0,"9":0,"10":0,"11":0,"12":0,"13":0},"f":{"0":0,"1":0},"b":{"0":[0,0],"1":[0,0],"2":[0,0]}}
,"C:\\Users\\hp\\Desktop\\wave\\stellarAid-api\\src\\auth\\middleware\\token-validation.middleware.ts": {"path":"C:\\Users\\hp\\Desktop\\wave\\stellarAid-api\\src\\auth\\middleware\\token-validation.middleware.ts","statementMap":{"0":{"start":{"line":1,"column":0},"end":{"line":1,"column":null}},"1":{"start":{"line":13,"column":7},"end":{"line":34,"column":null}},"2":{"start":{"line":15,"column":23},"end":{"line":15,"column":51}},"3":{"start":{"line":17,"column":4},"end":{"line":17,"column":35}},"4":{"start":{"line":17,"column":21},"end":{"line":17,"column":35}},"5":{"start":{"line":19,"column":4},"end":{"line":23,"column":5}},"6":{"start":{"line":20,"column":6},"end":{"line":22,"column":8}},"7":{"start":{"line":25,"column":18},"end":{"line":25,"column":48}},"8":{"start":{"line":26,"column":4},"end":{"line":30,"column":5}},"9":{"start":{"line":27,"column":6},"end":{"line":29,"column":8}},"10":{"start":{"line":32,"column":4},"end":{"line":32,"column":11}},"11":{"start":{"line":13,"column":13},"end":{"line":13,"column":38}},"12":{"start":{"line":13,"column":13},"end":{"line":34,"column":null}}},"fnMap":{"0":{"name":"(anonymous_1)","decl":{"start":{"line":14,"column":2},"end":{"line":14,"column":5}},"loc":{"start":{"line":14,"column":54},"end":{"line":33,"column":3}}}},"branchMap":{"0":{"loc":{"start":{"line":17,"column":4},"end":{"line":17,"column":35}},"type":"if","locations":[{"start":{"line":17,"column":4},"end":{"line":17,"column":35}},{"start":{},"end":{}}]},"1":{"loc":{"start":{"line":19,"column":4},"end":{"line":23,"column":5}},"type":"if","locations":[{"start":{"line":19,"column":4},"end":{"line":23,"column":5}},{"start":{},"end":{}}]},"2":{"loc":{"start":{"line":26,"column":4},"end":{"line":30,"column":5}},"type":"if","locations":[{"start":{"line":26,"column":4},"end":{"line":30,"column":5}},{"start":{},"end":{}}]}},"s":{"0":0,"1":0,"2":0,"3":0,"4":0,"5":0,"6":0,"7":0,"8":0,"9":0,"10":0,"11":0,"12":0},"f":{"0":0},"b":{"0":[0,0],"1":[0,0],"2":[0,0]}}
,"C:\\Users\\hp\\Desktop\\wave\\stellarAid-api\\src\\auth\\strategies\\jwt.strategy.ts": {"path":"C:\\Users\\hp\\Desktop\\wave\\stellarAid-api\\src\\auth\\strategies\\jwt.strategy.ts","statementMap":{"0":{"start":{"line":1,"column":0},"end":{"line":1,"column":52}},"1":{"start":{"line":2,"column":0},"end":{"line":2,"column":52}},"2":{"start":{"line":3,"column":0},"end":{"line":3,"column":67}},"3":{"start":{"line":4,"column":0},"end":{"line":4,"column":47}},"4":{"start":{"line":7,"column":13},"end":{"line":7,"column":34}},"5":{"start":{"line":10,"column":7},"end":{"line":25,"column":null}},"6":{"start":{"line":12,"column":4},"end":{"line":16,"column":7}},"7":{"start":{"line":11,"column":22},"end":{"line":11,"column":37}},"8":{"start":{"line":20,"column":4},"end":{"line":22,"column":5}},"9":{"start":{"line":21,"column":6},"end":{"line":21,"column":40}},"10":{"start":{"line":23,"column":4},"end":{"line":23,"column":19}},"11":{"start":{"line":10,"column":13},"end":{"line":10,"column":24}},"12":{"start":{"line":10,"column":13},"end":{"line":25,"column":null}}},"fnMap":{"0":{"name":"(anonymous_2)","decl":{"start":{"line":11,"column":2},"end":{"line":11,"column":22}},"loc":{"start":{"line":11,"column":50},"end":{"line":17,"column":3}}},"1":{"name":"(anonymous_3)","decl":{"start":{"line":19,"column":2},"end":{"line":19,"column":7}},"loc":{"start":{"line":19,"column":36},"end":{"line":24,"column":3}}}},"branchMap":{"0":{"loc":{"start":{"line":20,"column":4},"end":{"line":22,"column":5}},"type":"if","locations":[{"start":{"line":20,"column":4},"end":{"line":22,"column":5}},{"start":{},"end":{}}]},"1":{"loc":{"start":{"line":11,"column":37},"end":{"line":11,"column":null}},"type":"cond-expr","locations":[{"start":{"line":11,"column":50},"end":{"line":11,"column":null}},{"start":{"line":11,"column":50},"end":{"line":11,"column":null}}]},"2":{"loc":{"start":{"line":11,"column":37},"end":{"line":11,"column":50}},"type":"binary-expr","locations":[{"start":{"line":11,"column":37},"end":{"line":11,"column":null}},{"start":{"line":11,"column":37},"end":{"line":11,"column":50}}]}},"s":{"0":0,"1":0,"2":0,"3":0,"4":0,"5":0,"6":0,"7":0,"8":0,"9":0,"10":0,"11":0,"12":0},"f":{"0":0,"1":0},"b":{"0":[0,0],"1":[0,0],"2":[0,0]}}
,"C:\\Users\\hp\\Desktop\\wave\\stellarAid-api\\src\\common\\http-exeption.filter.ts": {"path":"C:\\Users\\hp\\Desktop\\wave\\stellarAid-api\\src\\common\\http-exeption.filter.ts","statementMap":{"0":{"start":{"line":1,"column":0},"end":{"line":1,"column":null}},"1":{"start":{"line":10,"column":0},"end":{"line":10,"column":57}},"2":{"start":{"line":13,"column":7},"end":{"line":57,"column":null}},"3":{"start":{"line":14,"column":54},"end":{"line":14,"column":63}},"4":{"start":{"line":16,"column":16},"end":{"line":16,"column":35}},"5":{"start":{"line":17,"column":21},"end":{"line":17,"column":48}},"6":{"start":{"line":18,"column":20},"end":{"line":18,"column":45}},"7":{"start":{"line":20,"column":19},"end":{"line":20,"column":40}},"8":{"start":{"line":21,"column":30},"end":{"line":21,"column":53}},"9":{"start":{"line":23,"column":18},"end":{"line":23,"column":34}},"10":{"start":{"line":24,"column":17},"end":{"line":24,"column":21}},"11":{"start":{"line":26,"column":4},"end":{"line":37,"column":5}},"12":{"start":{"line":27,"column":6},"end":{"line":27,"column":34}},"13":{"start":{"line":28,"column":11},"end":{"line":37,"column":5}},"14":{"start":{"line":29,"column":23},"end":{"line":29,"column":40}},"15":{"start":{"line":30,"column":6},"end":{"line":30,"column":39}},"16":{"start":{"line":31,"column":6},"end":{"line":36,"column":15}},"17":{"start":{"line":32,"column":44},"end":{"line":35,"column":12}},"18":{"start":{"line":40,"column":4},"end":{"line":46,"column":5}},"19":{"start":{"line":41,"column":21},"end":{"line":41,"column":52}},"20":{"start":{"line":42,"column":6},"end":{"line":45,"column":9}},"21":{"start":{"line":48,"column":4},"end":{"line":55,"column":7}},"22":{"start":{"line":13,"column":13},"end":{"line":13,"column":32}},"23":{"start":{"line":13,"column":13},"end":{"line":57,"column":null}}},"fnMap":{"0":{"name":"(anonymous_4)","decl":{"start":{"line":14,"column":2},"end":{"line":14,"column":15}},"loc":{"start":{"line":14,"column":76},"end":{"line":14,"column":80}}},"1":{"name":"(anonymous_5)","decl":{"start":{"line":15,"column":2},"end":{"line":15,"column":7}},"loc":{"start":{"line":15,"column":53},"end":{"line":56,"column":3}}},"2":{"name":"(anonymous_6)","decl":{"start":{"line":32,"column":26},"end":{"line":32,"column":27}},"loc":{"start":{"line":32,"column":44},"end":{"line":35,"column":12}}}},"branchMap":{"0":{"loc":{"start":{"line":26,"column":4},"end":{"line":37,"column":5}},"type":"if","locations":[{"start":{"line":26,"column":4},"end":{"line":37,"column":5}},{"start":{"line":28,"column":11},"end":{"line":37,"column":5}}]},"1":{"loc":{"start":{"line":28,"column":11},"end":{"line":37,"column":5}},"type":"if","locations":[{"start":{"line":28,"column":11},"end":{"line":37,"column":5}},{"start":{},"end":{}}]},"2":{"loc":{"start":{"line":30,"column":16},"end":{"line":30,"column":38}},"type":"binary-expr","locations":[{"start":{"line":30,"column":16},"end":{"line":30,"column":27}},{"start":{"line":30,"column":31},"end":{"line":30,"column":38}}]},"3":{"loc":{"start":{"line":31,"column":15},"end":{"line":36,"column":14}},"type":"cond-expr","locations":[{"start":{"line":32,"column":10},"end":{"line":35,"column":13}},{"start":{"line":36,"column":10},"end":{"line":36,"column":14}}]},"4":{"loc":{"start":{"line":40,"column":4},"end":{"line":46,"column":5}},"type":"if","locations":[{"start":{"line":40,"column":4},"end":{"line":46,"column":5}},{"start":{},"end":{}}]},"5":{"loc":{"start":{"line":41,"column":21},"end":{"line":41,"column":52}},"type":"binary-expr","locations":[{"start":{"line":41,"column":21},"end":{"line":41,"column":44}},{"start":{"line":41,"column":48},"end":{"line":41,"column":52}}]},"6":{"loc":{"start":{"line":14,"column":63},"end":{"line":14,"column":79}},"type":"cond-expr","locations":[{"start":{"line":14,"column":76},"end":{"line":14,"column":79}},{"start":{"line":14,"column":76},"end":{"line":14,"column":79}}]},"7":{"loc":{"start":{"line":14,"column":63},"end":{"line":14,"column":76}},"type":"binary-expr","locations":[{"start":{"line":14,"column":63},"end":{"line":14,"column":79}},{"start":{"line":14,"column":63},"end":{"line":14,"column":76}}]}},"s":{"0":0,"1":0,"2":0,"3":0,"4":0,"5":0,"6":0,"7":0,"8":0,"9":0,"10":0,"11":0,"12":0,"13":0,"14":0,"15":0,"16":0,"17":0,"18":0,"19":0,"20":0,"21":0,"22":0,"23":0},"f":{"0":0,"1":0,"2":0},"b":{"0":[0,0],"1":[0,0],"2":[0,0],"3":[0,0],"4":[0,0],"5":[0,0],"6":[0,0],"7":[0,0]}}
,"C:\\Users\\hp\\Desktop\\wave\\stellarAid-api\\src\\common\\decorators\\roles.decorator.ts": {"path":"C:\\Users\\hp\\Desktop\\wave\\stellarAid-api\\src\\common\\decorators\\roles.decorator.ts","statementMap":{"0":{"start":{"line":1,"column":0},"end":{"line":1,"column":45}},"1":{"start":{"line":4,"column":13},"end":{"line":4,"column":33}},"2":{"start":{"line":5,"column":21},"end":{"line":5,"column":76}},"3":{"start":{"line":5,"column":47},"end":{"line":5,"column":76}},"4":{"start":{"line":5,"column":13},"end":{"line":5,"column":21}}},"fnMap":{"0":{"name":"(anonymous_0)","decl":{"start":{"line":5,"column":21},"end":{"line":5,"column":22}},"loc":{"start":{"line":5,"column":47},"end":{"line":5,"column":76}}}},"branchMap":{},"s":{"0":0,"1":0,"2":0,"3":0,"4":0},"f":{"0":0},"b":{}}
,"C:\\Users\\hp\\Desktop\\wave\\stellarAid-api\\src\\common\\guards\\roles.guard.ts": {"path":"C:\\Users\\hp\\Desktop\\wave\\stellarAid-api\\src\\common\\guards\\roles.guard.ts","statementMap":{"0":{"start":{"line":1,"column":0},"end":{"line":1,"column":75}},"1":{"start":{"line":2,"column":0},"end":{"line":2,"column":41}},"2":{"start":{"line":3,"column":0},"end":{"line":3,"column":58}},"3":{"start":{"line":7,"column":7},"end":{"line":27,"column":null}},"4":{"start":{"line":8,"column":22},"end":{"line":8,"column":33}},"5":{"start":{"line":11,"column":26},"end":{"line":13,"column":null}},"6":{"start":{"line":16,"column":4},"end":{"line":18,"column":5}},"7":{"start":{"line":17,"column":6},"end":{"line":17,"column":18}},"8":{"start":{"line":20,"column":21},"end":{"line":20,"column":56}},"9":{"start":{"line":21,"column":4},"end":{"line":23,"column":5}},"10":{"start":{"line":22,"column":6},"end":{"line":22,"column":19}},"11":{"start":{"line":25,"column":4},"end":{"line":25,"column":60}},"12":{"start":{"line":25,"column":40},"end":{"line":25,"column":58}},"13":{"start":{"line":7,"column":13},"end":{"line":7,"column":23}},"14":{"start":{"line":7,"column":13},"end":{"line":27,"column":null}}},"fnMap":{"0":{"name":"(anonymous_2)","decl":{"start":{"line":8,"column":2},"end":{"line":8,"column":22}},"loc":{"start":{"line":8,"column":42},"end":{"line":8,"column":46}}},"1":{"name":"(anonymous_3)","decl":{"start":{"line":10,"column":2},"end":{"line":10,"column":13}},"loc":{"start":{"line":10,"column":39},"end":{"line":26,"column":3}}},"2":{"name":"(anonymous_4)","decl":{"start":{"line":25,"column":30},"end":{"line":25,"column":31}},"loc":{"start":{"line":25,"column":40},"end":{"line":25,"column":58}}}},"branchMap":{"0":{"loc":{"start":{"line":16,"column":4},"end":{"line":18,"column":5}},"type":"if","locations":[{"start":{"line":16,"column":4},"end":{"line":18,"column":5}},{"start":{},"end":{}}]},"1":{"loc":{"start":{"line":21,"column":4},"end":{"line":23,"column":5}},"type":"if","locations":[{"start":{"line":21,"column":4},"end":{"line":23,"column":5}},{"start":{},"end":{}}]},"2":{"loc":{"start":{"line":8,"column":33},"end":{"line":8,"column":45}},"type":"cond-expr","locations":[{"start":{"line":8,"column":42},"end":{"line":8,"column":45}},{"start":{"line":8,"column":42},"end":{"line":8,"column":45}}]},"3":{"loc":{"start":{"line":8,"column":33},"end":{"line":8,"column":42}},"type":"binary-expr","locations":[{"start":{"line":8,"column":33},"end":{"line":8,"column":45}},{"start":{"line":8,"column":33},"end":{"line":8,"column":42}}]}},"s":{"0":0,"1":0,"2":0,"3":0,"4":0,"5":0,"6":0,"7":0,"8":0,"9":0,"10":0,"11":0,"12":0,"13":0,"14":0},"f":{"0":0,"1":0,"2":0},"b":{"0":[0,0],"1":[0,0],"2":[0,0],"3":[0,0]}}
,"C:\\Users\\hp\\Desktop\\wave\\stellarAid-api\\src\\common\\interceptors\\logging.interceptor.ts": {"path":"C:\\Users\\hp\\Desktop\\wave\\stellarAid-api\\src\\common\\interceptors\\logging.interceptor.ts","statementMap":{"0":{"start":{"line":1,"column":0},"end":{"line":1,"column":null}},"1":{"start":{"line":8,"column":0},"end":{"line":8,"column":39}},"2":{"start":{"line":11,"column":7},"end":{"line":30,"column":null}},"3":{"start":{"line":12,"column":19},"end":{"line":12,"column":37}},"4":{"start":{"line":15,"column":20},"end":{"line":15,"column":55}},"5":{"start":{"line":16,"column":36},"end":{"line":16,"column":43}},"6":{"start":{"line":17,"column":16},"end":{"line":17,"column":26}},"7":{"start":{"line":19,"column":4},"end":{"line":28,"column":6}},"8":{"start":{"line":21,"column":25},"end":{"line":21,"column":61}},"9":{"start":{"line":22,"column":31},"end":{"line":22,"column":39}},"10":{"start":{"line":24,"column":8},"end":{"line":26,"column":10}},"11":{"start":{"line":11,"column":13},"end":{"line":11,"column":31}},"12":{"start":{"line":11,"column":13},"end":{"line":30,"column":null}}},"fnMap":{"0":{"name":"(anonymous_1)","decl":{"start":{"line":14,"column":2},"end":{"line":14,"column":11}},"loc":{"start":{"line":14,"column":56},"end":{"line":29,"column":3}}},"1":{"name":"(anonymous_2)","decl":{"start":{"line":20,"column":10},"end":{"line":20,"column":13}},"loc":{"start":{"line":20,"column":15},"end":{"line":27,"column":7}}}},"branchMap":{},"s":{"0":0,"1":0,"2":0,"3":0,"4":0,"5":0,"6":0,"7":0,"8":0,"9":0,"10":0,"11":0,"12":0},"f":{"0":0,"1":0},"b":{}}
,"C:\\Users\\hp\\Desktop\\wave\\stellarAid-api\\src\\database\\app-config.service.ts": {"path":"C:\\Users\\hp\\Desktop\\wave\\stellarAid-api\\src\\database\\app-config.service.ts","statementMap":{"0":{"start":{"line":1,"column":0},"end":{"line":1,"column":44}},"1":{"start":{"line":2,"column":0},"end":{"line":2,"column":47}},"2":{"start":{"line":6,"column":7},"end":{"line":34,"column":null}},"3":{"start":{"line":7,"column":31},"end":{"line":7,"column":46}},"4":{"start":{"line":10,"column":4},"end":{"line":10,"column":68}},"5":{"start":{"line":14,"column":4},"end":{"line":14,"column":75}},"6":{"start":{"line":18,"column":4},"end":{"line":18,"column":73}},"7":{"start":{"line":22,"column":4},"end":{"line":22,"column":76}},"8":{"start":{"line":26,"column":4},"end":{"line":26,"column":70}},"9":{"start":{"line":30,"column":4},"end":{"line":32,"column":8}},"10":{"start":{"line":6,"column":13},"end":{"line":6,"column":29}},"11":{"start":{"line":6,"column":13},"end":{"line":34,"column":null}}},"fnMap":{"0":{"name":"(anonymous_2)","decl":{"start":{"line":7,"column":2},"end":{"line":7,"column":31}},"loc":{"start":{"line":7,"column":70},"end":{"line":7,"column":74}}},"1":{"name":"(anonymous_3)","decl":{"start":{"line":9,"column":2},"end":{"line":9,"column":6}},"loc":{"start":{"line":9,"column":10},"end":{"line":11,"column":3}}},"2":{"name":"(anonymous_4)","decl":{"start":{"line":13,"column":2},"end":{"line":13,"column":6}},"loc":{"start":{"line":13,"column":17},"end":{"line":15,"column":3}}},"3":{"name":"(anonymous_5)","decl":{"start":{"line":17,"column":2},"end":{"line":17,"column":6}},"loc":{"start":{"line":17,"column":15},"end":{"line":19,"column":3}}},"4":{"name":"(anonymous_6)","decl":{"start":{"line":21,"column":2},"end":{"line":21,"column":6}},"loc":{"start":{"line":21,"column":18},"end":{"line":23,"column":3}}},"5":{"name":"(anonymous_7)","decl":{"start":{"line":25,"column":2},"end":{"line":25,"column":6}},"loc":{"start":{"line":25,"column":20},"end":{"line":27,"column":3}}},"6":{"name":"(anonymous_8)","decl":{"start":{"line":29,"column":2},"end":{"line":29,"column":6}},"loc":{"start":{"line":29,"column":23},"end":{"line":33,"column":3}}}},"branchMap":{"0":{"loc":{"start":{"line":7,"column":46},"end":{"line":7,"column":70}},"type":"cond-expr","locations":[{"start":{"line":7,"column":59},"end":{"line":7,"column":70}},{"start":{"line":7,"column":59},"end":{"line":7,"column":70}}]},"1":{"loc":{"start":{"line":7,"column":46},"end":{"line":7,"column":59}},"type":"binary-expr","locations":[{"start":{"line":7,"column":46},"end":{"line":7,"column":70}},{"start":{"line":7,"column":46},"end":{"line":7,"column":59}}]}},"s":{"0":0,"1":0,"2":0,"3":0,"4":0,"5":0,"6":0,"7":0,"8":0,"9":0,"10":0,"11":0},"f":{"0":0,"1":0,"2":0,"3":0,"4":0,"5":0,"6":0},"b":{"0":[0,0],"1":[0,0]}}
,"C:\\Users\\hp\\Desktop\\wave\\stellarAid-api\\src\\database\\config.ts": {"path":"C:\\Users\\hp\\Desktop\\wave\\stellarAid-api\\src\\database\\config.ts","statementMap":{"0":{"start":{"line":3,"column":0},"end":{"line":27,"column":3}},"1":{"start":{"line":3,"column":33},"end":{"line":27,"column":2}}},"fnMap":{"0":{"name":"(anonymous_0)","decl":{"start":{"line":3,"column":15},"end":{"line":3,"column":29}},"loc":{"start":{"line":3,"column":33},"end":{"line":27,"column":2}}}},"branchMap":{"0":{"loc":{"start":{"line":4,"column":17},"end":{"line":4,"column":43}},"type":"binary-expr","locations":[{"start":{"line":4,"column":17},"end":{"line":4,"column":33}},{"start":{"line":4,"column":37},"end":{"line":4,"column":43}}]},"1":{"loc":{"start":{"line":7,"column":20},"end":{"line":7,"column":70}},"type":"binary-expr","locations":[{"start":{"line":7,"column":20},"end":{"line":7,"column":50}},{"start":{"line":7,"column":54},"end":{"line":7,"column":70}}]},"2":{"loc":{"start":{"line":8,"column":16},"end":{"line":8,"column":50}},"type":"binary-expr","locations":[{"start":{"line":8,"column":16},"end":{"line":8,"column":42}},{"start":{"line":8,"column":46},"end":{"line":8,"column":50}}]},"3":{"loc":{"start":{"line":10,"column":5},"end":{"line":10,"column":70}},"type":"binary-expr","locations":[{"start":{"line":10,"column":5},"end":{"line":10,"column":57}},{"start":{"line":10,"column":61},"end":{"line":10,"column":70}}]},"4":{"loc":{"start":{"line":12,"column":4},"end":{"line":12,"column":76}},"type":"binary-expr","locations":[{"start":{"line":12,"column":4},"end":{"line":12,"column":35}},{"start":{"line":12,"column":39},"end":{"line":12,"column":76}}]},"5":{"loc":{"start":{"line":14,"column":12},"end":{"line":16,"column":15}},"type":"cond-expr","locations":[{"start":{"line":15,"column":6},"end":{"line":15,"column":41}},{"start":{"line":16,"column":6},"end":{"line":16,"column":15}}]},"6":{"loc":{"start":{"line":25,"column":4},"end":{"line":26,"column":41}},"type":"binary-expr","locations":[{"start":{"line":25,"column":4},"end":{"line":25,"column":41}},{"start":{"line":26,"column":4},"end":{"line":26,"column":41}}]}},"s":{"0":0,"1":0},"f":{"0":0},"b":{"0":[0,0],"1":[0,0],"2":[0,0],"3":[0,0],"4":[0,0],"5":[0,0],"6":[0,0]}}
,"C:\\Users\\hp\\Desktop\\wave\\stellarAid-api\\src\\database\\database.module.ts": {"path":"C:\\Users\\hp\\Desktop\\wave\\stellarAid-api\\src\\database\\database.module.ts","statementMap":{"0":{"start":{"line":1,"column":0},"end":{"line":1,"column":48}},"1":{"start":{"line":2,"column":0},"end":{"line":2,"column":48}},"2":{"start":{"line":3,"column":0},"end":{"line":3,"column":61}},"3":{"start":{"line":23,"column":7},"end":{"line":23,"column":null}},"4":{"start":{"line":23,"column":13},"end":{"line":23,"column":27}},"5":{"start":{"line":23,"column":13},"end":{"line":23,"column":null}},"6":{"start":{"line":10,"column":59},"end":{"line":19,"column":8}}},"fnMap":{"0":{"name":"(anonymous_1)","decl":{"start":{"line":10,"column":18},"end":{"line":10,"column":23}},"loc":{"start":{"line":10,"column":59},"end":{"line":19,"column":8}}}},"branchMap":{},"s":{"0":0,"1":0,"2":0,"3":0,"4":0,"5":0,"6":0},"f":{"0":0},"b":{}}
,"C:\\Users\\hp\\Desktop\\wave\\stellarAid-api\\src\\database\\env.validation.ts": {"path":"C:\\Users\\hp\\Desktop\\wave\\stellarAid-api\\src\\database\\env.validation.ts","statementMap":{"0":{"start":{"line":1,"column":0},"end":{"line":1,"column":27}},"1":{"start":{"line":3,"column":13},"end":{"line":20,"column":3}}},"fnMap":{},"branchMap":{},"s":{"0":0,"1":0},"f":{},"b":{}}
,"C:\\Users\\hp\\Desktop\\wave\\stellarAid-api\\src\\logger\\logger.middleware.ts": {"path":"C:\\Users\\hp\\Desktop\\wave\\stellarAid-api\\src\\logger\\logger.middleware.ts","statementMap":{"0":{"start":{"line":1,"column":0},"end":{"line":1,"column":60}},"1":{"start":{"line":3,"column":0},"end":{"line":3,"column":49}},"2":{"start":{"line":6,"column":7},"end":{"line":30,"column":null}},"3":{"start":{"line":7,"column":31},"end":{"line":7,"column":39}},"4":{"start":{"line":10,"column":36},"end":{"line":10,"column":39}},"5":{"start":{"line":11,"column":18},"end":{"line":11,"column":28}},"6":{"start":{"line":13,"column":4},"end":{"line":26,"column":7}},"7":{"start":{"line":14,"column":29},"end":{"line":14,"column":32}},"8":{"start":{"line":15,"column":23},"end":{"line":15,"column":41}},"9":{"start":{"line":16,"column":6},"end":{"line":25,"column":8}},"10":{"start":{"line":28,"column":4},"end":{"line":28,"column":11}},"11":{"start":{"line":6,"column":13},"end":{"line":6,"column":29}},"12":{"start":{"line":6,"column":13},"end":{"line":30,"column":null}}},"fnMap":{"0":{"name":"(anonymous_2)","decl":{"start":{"line":7,"column":2},"end":{"line":7,"column":31}},"loc":{"start":{"line":7,"column":52},"end":{"line":7,"column":56}}},"1":{"name":"(anonymous_3)","decl":{"start":{"line":9,"column":2},"end":{"line":9,"column":5}},"loc":{"start":{"line":9,"column":53},"end":{"line":29,"column":3}}},"2":{"name":"(anonymous_4)","decl":{"start":{"line":13,"column":21},"end":{"line":13,"column":24}},"loc":{"start":{"line":13,"column":26},"end":{"line":26,"column":5}}}},"branchMap":{"0":{"loc":{"start":{"line":7,"column":39},"end":{"line":7,"column":55}},"type":"cond-expr","locations":[{"start":{"line":7,"column":52},"end":{"line":7,"column":55}},{"start":{"line":7,"column":52},"end":{"line":7,"column":55}}]},"1":{"loc":{"start":{"line":7,"column":39},"end":{"line":7,"column":52}},"type":"binary-expr","locations":[{"start":{"line":7,"column":39},"end":{"line":7,"column":55}},{"start":{"line":7,"column":39},"end":{"line":7,"column":52}}]}},"s":{"0":0,"1":0,"2":0,"3":0,"4":0,"5":0,"6":0,"7":0,"8":0,"9":0,"10":0,"11":0,"12":0},"f":{"0":0,"1":0,"2":0},"b":{"0":[0,0],"1":[0,0]}}
,"C:\\Users\\hp\\Desktop\\wave\\stellarAid-api\\src\\logger\\logger.module.ts": {"path":"C:\\Users\\hp\\Desktop\\wave\\stellarAid-api\\src\\logger\\logger.module.ts","statementMap":{"0":{"start":{"line":1,"column":0},"end":{"line":1,"column":null}},"1":{"start":{"line":7,"column":0},"end":{"line":7,"column":49}},"2":{"start":{"line":8,"column":0},"end":{"line":8,"column":55}},"3":{"start":{"line":14,"column":7},"end":{"line":20,"column":null}},"4":{"start":{"line":16,"column":4},"end":{"line":18,"column":59}},"5":{"start":{"line":14,"column":13},"end":{"line":14,"column":25}},"6":{"start":{"line":14,"column":13},"end":{"line":20,"column":null}}},"fnMap":{"0":{"name":"(anonymous_1)","decl":{"start":{"line":15,"column":2},"end":{"line":15,"column":11}},"loc":{"start":{"line":15,"column":40},"end":{"line":19,"column":3}}}},"branchMap":{},"s":{"0":0,"1":0,"2":0,"3":0,"4":0,"5":0,"6":0},"f":{"0":0},"b":{}}
,"C:\\Users\\hp\\Desktop\\wave\\stellarAid-api\\src\\logger\\logger.service.ts": {"path":"C:\\Users\\hp\\Desktop\\wave\\stellarAid-api\\src\\logger\\logger.service.ts","statementMap":{"0":{"start":{"line":1,"column":0},"end":{"line":1,"column":61}},"1":{"start":{"line":2,"column":0},"end":{"line":2,"column":24}},"2":{"start":{"line":3,"column":0},"end":{"line":3,"column":75}},"3":{"start":{"line":4,"column":0},"end":{"line":4,"column":28}},"4":{"start":{"line":7,"column":7},"end":{"line":84,"column":null}},"5":{"start":{"line":13,"column":16},"end":{"line":13,"column":53}},"6":{"start":{"line":15,"column":6},"end":{"line":15,"column":72}},"7":{"start":{"line":16,"column":4},"end":{"line":16,"column":41}},"8":{"start":{"line":18,"column":20},"end":{"line":18,"column":70}},"9":{"start":{"line":19,"column":4},"end":{"line":19,"column":70}},"10":{"start":{"line":19,"column":30},"end":{"line":19,"column":70}},"11":{"start":{"line":21,"column":21},"end":{"line":21,"column":65}},"12":{"start":{"line":22,"column":4},"end":{"line":22,"column":62}},"13":{"start":{"line":24,"column":40},"end":{"line":27,"column":6}},"14":{"start":{"line":31,"column":4},"end":{"line":31,"column":52}},"15":{"start":{"line":35,"column":14},"end":{"line":35,"column":24}},"16":{"start":{"line":36,"column":4},"end":{"line":36,"column":40}},"17":{"start":{"line":40,"column":18},"end":{"line":40,"column":35}},"18":{"start":{"line":41,"column":4},"end":{"line":53,"column":5}},"19":{"start":{"line":42,"column":6},"end":{"line":42,"column":31}},"20":{"start":{"line":43,"column":6},"end":{"line":47,"column":7}},"21":{"start":{"line":44,"column":8},"end":{"line":44,"column":26}},"22":{"start":{"line":48,"column":22},"end":{"line":48,"column":72}},"23":{"start":{"line":49,"column":23},"end":{"line":49,"column":67}},"24":{"start":{"line":50,"column":6},"end":{"line":50,"column":64}},"25":{"start":{"line":51,"column":19},"end":{"line":51,"column":69}},"26":{"start":{"line":52,"column":6},"end":{"line":52,"column":51}},"27":{"start":{"line":57,"column":4},"end":{"line":57,"column":26}},"28":{"start":{"line":58,"column":4},"end":{"line":58,"column":43}},"29":{"start":{"line":62,"column":4},"end":{"line":62,"column":26}},"30":{"start":{"line":63,"column":4},"end":{"line":64,"column":49}},"31":{"start":{"line":63,"column":15},"end":{"line":63,"column":62}},"32":{"start":{"line":64,"column":9},"end":{"line":64,"column":49}},"33":{"start":{"line":68,"column":4},"end":{"line":68,"column":26}},"34":{"start":{"line":69,"column":4},"end":{"line":69,"column":43}},"35":{"start":{"line":73,"column":4},"end":{"line":73,"column":26}},"36":{"start":{"line":74,"column":4},"end":{"line":74,"column":44}},"37":{"start":{"line":78,"column":4},"end":{"line":82,"column":5}},"38":{"start":{"line":79,"column":6},"end":{"line":79,"column":24}},"39":{"start":{"line":7,"column":13},"end":{"line":7,"column":26}},"40":{"start":{"line":7,"column":13},"end":{"line":84,"column":null}}},"fnMap":{"0":{"name":"(anonymous_3)","decl":{"start":{"line":12,"column":2},"end":{"line":12,"column":null}},"loc":{"start":{"line":12,"column":2},"end":{"line":32,"column":3}}},"1":{"name":"(anonymous_4)","decl":{"start":{"line":34,"column":10},"end":{"line":34,"column":20}},"loc":{"start":{"line":34,"column":20},"end":{"line":37,"column":3}}},"2":{"name":"(anonymous_5)","decl":{"start":{"line":39,"column":10},"end":{"line":39,"column":24}},"loc":{"start":{"line":39,"column":24},"end":{"line":54,"column":3}}},"3":{"name":"(anonymous_6)","decl":{"start":{"line":56,"column":2},"end":{"line":56,"column":5}},"loc":{"start":{"line":56,"column":49},"end":{"line":59,"column":3}}},"4":{"name":"(anonymous_7)","decl":{"start":{"line":61,"column":2},"end":{"line":61,"column":7}},"loc":{"start":{"line":61,"column":67},"end":{"line":65,"column":3}}},"5":{"name":"(anonymous_8)","decl":{"start":{"line":67,"column":2},"end":{"line":67,"column":6}},"loc":{"start":{"line":67,"column":50},"end":{"line":70,"column":3}}},"6":{"name":"(anonymous_9)","decl":{"start":{"line":72,"column":2},"end":{"line":72,"column":7}},"loc":{"start":{"line":72,"column":51},"end":{"line":75,"column":3}}},"7":{"name":"(anonymous_10)","decl":{"start":{"line":77,"column":2},"end":{"line":77,"column":17}},"loc":{"start":{"line":77,"column":17},"end":{"line":83,"column":3}}}},"branchMap":{"0":{"loc":{"start":{"line":13,"column":16},"end":{"line":13,"column":53}},"type":"binary-expr","locations":[{"start":{"line":13,"column":16},"end":{"line":13,"column":36}},{"start":{"line":13,"column":40},"end":{"line":13,"column":53}}]},"1":{"loc":{"start":{"line":15,"column":6},"end":{"line":15,"column":72}},"type":"binary-expr","locations":[{"start":{"line":15,"column":6},"end":{"line":15,"column":27}},{"start":{"line":15,"column":32},"end":{"line":15,"column":71}}]},"2":{"loc":{"start":{"line":15,"column":32},"end":{"line":15,"column":71}},"type":"cond-expr","locations":[{"start":{"line":15,"column":55},"end":{"line":15,"column":61}},{"start":{"line":15,"column":64},"end":{"line":15,"column":71}}]},"3":{"loc":{"start":{"line":18,"column":20},"end":{"line":18,"column":70}},"type":"binary-expr","locations":[{"start":{"line":18,"column":20},"end":{"line":18,"column":39}},{"start":{"line":18,"column":43},"end":{"line":18,"column":70}}]},"4":{"loc":{"start":{"line":19,"column":4},"end":{"line":19,"column":70}},"type":"if","locations":[{"start":{"line":19,"column":4},"end":{"line":19,"column":70}},{"start":{},"end":{}}]},"5":{"loc":{"start":{"line":41,"column":4},"end":{"line":53,"column":5}},"type":"if","locations":[{"start":{"line":41,"column":4},"end":{"line":53,"column":5}},{"start":{},"end":{}}]},"6":{"loc":{"start":{"line
[...]
,"C:\\Users\\hp\\Desktop\\wave\\stellarAid-api\\src\\users\\users.service.ts": {"path":"C:\\Users\\hp\\Desktop\\wave\\stellarAid-api\\src\\users\\users.service.ts","statementMap":{"0":{"start":{"line":1,"column":0},"end":{"line":1,"column":null}},"1":{"start":{"line":6,"column":0},"end":{"line":6,"column":51}},"2":{"start":{"line":7,"column":0},"end":{"line":7,"column":37}},"3":{"start":{"line":8,"column":0},"end":{"line":8,"column":57}},"4":{"start":{"line":13,"column":7},"end":{"line":104,"column":null}},"5":{"start":{"line":16,"column":21},"end":{"line":16,"column":37}},"6":{"start":{"line":20,"column":17},"end":{"line":20,"column":69}},"7":{"start":{"line":21,"column":4},"end":{"line":23,"column":5}},"8":{"start":{"line":22,"column":6},"end":{"line":22,"column":52}},"9":{"start":{"line":24,"column":4},"end":{"line":24,"column":16}},"10":{"start":{"line":28,"column":4},"end":{"line":28,"column":61}},"11":{"start":{"line":35,"column":17},"end":{"line":35,"column":44}},"12":{"start":{"line":36,"column":4},"end":{"line":36,"column":39}},"13":{"start":{"line":37,"column":4},"end":{"line":37,"column":42}},"14":{"start":{"line":44,"column":17},"end":{"line":44,"column":44}},"15":{"start":{"line":46,"column":4},"end":{"line":46,"column":68}},"16":{"start":{"line":46,"column":37},"end":{"line":46,"column":68}},"17":{"start":{"line":47,"column":4},"end":{"line":47,"column":65}},"18":{"start":{"line":47,"column":36},"end":{"line":47,"column":65}},"19":{"start":{"line":48,"column":4},"end":{"line":48,"column":62}},"20":{"start":{"line":48,"column":35},"end":{"line":48,"column":62}},"21":{"start":{"line":49,"column":4},"end":{"line":49,"column":50}},"22":{"start":{"line":49,"column":31},"end":{"line":49,"column":50}},"23":{"start":{"line":50,"column":4},"end":{"line":50,"column":68}},"24":{"start":{"line":50,"column":37},"end":{"line":50,"column":68}},"25":{"start":{"line":51,"column":4},"end":{"line":51,"column":80}},"26":{"start":{"line":51,"column":41},"end":{"line":51,"column":80}},"27":{"start":{"line":53,"column":4},"end":{"line":62,"column":5}},"28":{"start":{"line":54,"column":6},"end":{"line":54,"column":43}},"29":{"start":{"line":56,"column":6},"end":{"line":60,"column":7}},"30":{"start":{"line":57,"column":8},"end":{"line":59,"column":10}},"31":{"start":{"line":61,"column":6},"end":{"line":61,"column":16}},"32":{"start":{"line":64,"column":4},"end":{"line":64,"column":35}},"33":{"start":{"line":68,"column":17},"end":{"line":68,"column":44}},"34":{"start":{"line":72,"column":29},"end":{"line":79,"column":6}},"35":{"start":{"line":80,"column":22},"end":{"line":80,"column":61}},"36":{"start":{"line":81,"column":40},"end":{"line":82,"column":null}},"37":{"start":{"line":85,"column":4},"end":{"line":102,"column":6}},"38":{"start":{"line":13,"column":13},"end":{"line":13,"column":25}},"39":{"start":{"line":13,"column":13},"end":{"line":104,"column":null}}},"fnMap":{"0":{"name":"(anonymous_4)","decl":{"start":{"line":14,"column":2},"end":{"line":14,"column":null}},"loc":{"start":{"line":16,"column":53},"end":{"line":17,"column":6}}},"1":{"name":"(anonymous_5)","decl":{"start":{"line":19,"column":2},"end":{"line":19,"column":7}},"loc":{"start":{"line":19,"column":27},"end":{"line":25,"column":3}}},"2":{"name":"(anonymous_6)","decl":{"start":{"line":27,"column":2},"end":{"line":27,"column":7}},"loc":{"start":{"line":27,"column":33},"end":{"line":29,"column":3}}},"3":{"name":"(anonymous_7)","decl":{"start":{"line":31,"column":2},"end":{"line":31,"column":7}},"loc":{"start":{"line":33,"column":25},"end":{"line":38,"column":3}}},"4":{"name":"(anonymous_8)","decl":{"start":{"line":40,"column":2},"end":{"line":40,"column":7}},"loc":{"start":{"line":42,"column":22},"end":{"line":65,"column":3}}},"5":{"name":"(anonymous_9)","decl":{"start":{"line":67,"column":2},"end":{"line":67,"column":7}},"loc":{"start":{"line":67,"column":33},"end":{"line":103,"column":3}}}},"branchMap":{"0":{"loc":{"start":{"line":21,"column":4},"end":{"line":23,"column":5}},"type":"if","locations":[{"start":{"line":21,"column":4},"end":{"line":23,"column":5}},{"start":{},"end":{}}]},"1":{"loc":{"start":{"line":46,"column":4},"end":{"line":46,"column":68}},"type":"if","locations":[{"start":{"line":46,"column":4},"end":{"line":46,"column":68}},{"start":{},"end":{}}]},"2":{"loc":{"start":{"line":47,"column":4},"end":{"line":47,"column":65}},"type":"if","locations":[{"start":{"line":47,"column":4},"end":{"line":47,"column":65}},{"start":{},"end":{}}]},"3":{"loc":{"start":{"line":48,"column":4},"end":{"line":48,"column":62}},"type":"if","locations":[{"start":{"line":48,"column":4},"end":{"line":48,"column":62}},{"start":{},"end":{}}]},"4":{"loc":{"start":{"line":49,"column":4},"end":{"line":49,"column":50}},"type":"if","locations":[{"start":{"line":49,"column":4},"end":{"line":49,"column":50}},{"start":{},"end":{}}]},"5":{"loc":{"start":{"line":50,"column":4},"end":{"line":50,"column":68}},"type":"if","locations":[{"start":{"line":50,"column":4},"end":{"line":50,"column":68}},{"start":{},"end":{}}]},"6":{"loc":{"start":{"line":51,"column":4},"end":{"line":51,"column":80}},"type":"if","locations":[{"start":{"line":51,"column":4},"end":{"line":51,"column":80}},{"start":{},"end":{}}]},"7":{"loc":{"start":{"line":56,"column":6},"end":{"line":60,"column":7}},"type":"if","locations":[{"start":{"line":56,"column":6},"end":{"line":60,"column":7}},{"start":{},"end":{}}]},"8":{"loc":{"start":{"line":16,"column":37},"end":{"line":16,"column":53}},"type":"cond-expr","locations":[{"start":{"line":16,"column":47},"end":{"line":16,"column":53}},{"start":{"line":16,"column":47},"end":{"line":16,"column":53}}]},"9":{"loc":{"start":{"line":16,"column":37},"end":{"line":16,"column":47}},"type":"binary-expr","locations":[{"start":{"line":16,"column":37},"end":{"line":16,"column":53}},{"start":{"line":16,"column":37},"end":{"line":16,"column":47}}]}},"s":{"0":0,"1":0,"2":0,"3":0,"4":0,"5":0,"6":0,"7":0,"8":0,"9":0,"10":0,"11":0,"12":0,"13":0,"14":0,"15":0,"16":0,"17":0,"18":0,"19":0,"20":0,"21":0,"22":0,"23":0,"24":0,"25":0,"26":0,"27":0,"28":0,"29":0,"30":0,"31":0,"32":0,"33":0,"34":0,"35":0,"36":0,"37":0,"38":0,"39":0},"f":{"0":0,"1":0,"2":0,"3":0,"4":0,"5":0},"b":{"0":[0,0],"1":[0,0],"2":[0,0],"3":[0,0],"4":[0,0],"5":[0,0],"6":[0,0],"7":[0,0],"8":[0,0],"9":[0,0]}}
,"C:\\Users\\hp\\Desktop\\wave\\stellarAid-api\\src\\users\\dtos\\change-password.dto.ts": {"path":"C:\\Users\\hp\\Desktop\\wave\\stellarAid-api\\src\\users\\dtos\\change-password.dto.ts","statementMap":{"0":{"start":{"line":1,"column":0},"end":{"line":1,"column":75}},"1":{"start":{"line":2,"column":0},"end":{"line":2,"column":46}},"2":{"start":{"line":4,"column":0},"end":{"line":4,"column":13}},"3":{"start":{"line":11,"column":2},"end":{"line":11,"column":null}},"4":{"start":{"line":29,"column":2},"end":{"line":29,"column":null}}},"fnMap":{},"branchMap":{},"s":{"0":0,"1":0,"2":0,"3":0,"4":0},"f":{},"b":{}}
,"C:\\Users\\hp\\Desktop\\wave\\stellarAid-api\\src\\users\\dtos\\forgot-password.dto.ts": {"path":"C:\\Users\\hp\\Desktop\\wave\\stellarAid-api\\src\\users\\dtos\\forgot-password.dto.ts","statementMap":{"0":{"start":{"line":1,"column":0},"end":{"line":1,"column":54}},"1":{"start":{"line":2,"column":0},"end":{"line":2,"column":46}},"2":{"start":{"line":4,"column":0},"end":{"line":4,"column":13}},"3":{"start":{"line":12,"column":2},"end":{"line":12,"column":null}}},"fnMap":{},"branchMap":{},"s":{"0":0,"1":0,"2":0,"3":0},"f":{},"b":{}}
,"C:\\Users\\hp\\Desktop\\wave\\stellarAid-api\\src\\users\\dtos\\profile-response.dto.ts": {"path":"C:\\Users\\hp\\Desktop\\wave\\stellarAid-api\\src\\users\\dtos\\profile-response.dto.ts","statementMap":{"0":{"start":{"line":1,"column":0},"end":{"line":1,"column":46}},"1":{"start":{"line":2,"column":0},"end":{"line":2,"column":62}},"2":{"start":{"line":4,"column":0},"end":{"line":4,"column":13}},"3":{"start":{"line":9,"column":2},"end":{"line":9,"column":null}},"4":{"start":{"line":15,"column":2},"end":{"line":15,"column":null}},"5":{"start":{"line":18,"column":2},"end":{"line":18,"column":null}},"6":{"start":{"line":21,"column":2},"end":{"line":21,"column":null}},"7":{"start":{"line":28,"column":2},"end":{"line":28,"column":null}},"8":{"start":{"line":35,"column":2},"end":{"line":35,"column":null}},"9":{"start":{"line":42,"column":2},"end":{"line":42,"column":null}},"10":{"start":{"line":49,"column":2},"end":{"line":49,"column":null}},"11":{"start":{"line":56,"column":2},"end":{"line":56,"column":null}},"12":{"start":{"line":59,"column":2},"end":{"line":59,"column":null}},"13":{"start":{"line":66,"column":2},"end":{"line":66,"column":null}},"14":{"start":{"line":73,"column":2},"end":{"line":73,"column":null}},"15":{"start":{"line":80,"column":2},"end":{"line":80,"column":null}},"16":{"start":{"line":86,"column":2},"end":{"line":86,"column":null}},"17":{"start":{"line":89,"column":2},"end":{"line":89,"column":null}},"18":{"start":{"line":97,"column":2},"end":{"line":97,"column":null}}},"fnMap":{},"branchMap":{"0":{"loc":{"start":{"line":28,"column":8},"end":{"line":28,"column":17}},"type":"cond-expr","locations":[{"start":{"line":28,"column":16},"end":{"line":28,"column":17}},{"start":{"line":28,"column":16},"end":{"line":28,"column":17}}]},"1":{"loc":{"start":{"line":28,"column":8},"end":{"line":28,"column":16}},"type":"binary-expr","locations":[{"start":{"line":28,"column":8},"end":{"line":28,"column":17}},{"start":{"line":28,"column":8},"end":{"line":28,"column":16}}]},"2":{"loc":{"start":{"line":66,"column":13},"end":{"line":66,"column":23}},"type":"cond-expr","locations":[{"start":{"line":66,"column":22},"end":{"line":66,"column":23}},{"start":{"line":66,"column":22},"end":{"line":66,"column":23}}]},"3":{"loc":{"start":{"line":66,"column":13},"end":{"line":66,"column":22}},"type":"binary-expr","locations":[{"start":{"line":66,"column":13},"end":{"line":66,"column":23}},{"start":{"line":66,"column":13},"end":{"line":66,"column":22}}]},"4":{"loc":{"start":{"line":86,"column":13},"end":{"line":86,"column":18}},"type":"cond-expr","locations":[{"start":{"line":86,"column":17},"end":{"line":86,"column":18}},{"start":{"line":86,"column":17},"end":{"line":86,"column":18}}]},"5":{"loc":{"start":{"line":86,"column":13},"end":{"line":86,"column":17}},"type":"binary-expr","locations":[{"start":{"line":86,"column":13},"end":{"line":86,"column":18}},{"start":{"line":86,"column":13},"end":{"line":86,"column":17}}]},"6":{"loc":{"start":{"line":89,"column":13},"end":{"line":89,"column":18}},"type":"cond-expr","locations":[{"start":{"line":89,"column":17},"end":{"line":89,"column":18}},{"start":{"line":89,"column":17},"end":{"line":89,"column":18}}]},"7":{"loc":{"start":{"line":89,"column":13},"end":{"line":89,"column":17}},"type":"binary-expr","locations":[{"start":{"line":89,"column":13},"end":{"line":89,"column":18}},{"start":{"line":89,"column":13},"end":{"line":89,"column":17}}]}},"s":{"0":0,"1":0,"2":0,"3":0,"4":0,"5":0,"6":0,"7":0,"8":0,"9":0,"10":0,"11":0,"12":0,"13":0,"14":0,"15":0,"16":0,"17":0,"18":0},"f":{},"b":{"0":[0,0],"1":[0,0],"2":[0,0],"3":[0,0],"4":[0,0],"5":[0,0],"6":[0,0],"7":[0,0]}}
,"C:\\Users\\hp\\Desktop\\wave\\stellarAid-api\\src\\users\\dtos\\reset-password.dto.ts": {"path":"C:\\Users\\hp\\Desktop\\wave\\stellarAid-api\\src\\users\\dtos\\reset-password.dto.ts","statementMap":{"0":{"start":{"line":1,"column":0},"end":{"line":1,"column":75}},"1":{"start":{"line":2,"column":0},"end":{"line":2,"column":46}},"2":{"start":{"line":4,"column":0},"end":{"line":4,"column":13}},"3":{"start":{"line":11,"column":2},"end":{"line":11,"column":null}},"4":{"start":{"line":23,"column":2},"end":{"line":23,"column":null}}},"fnMap":{},"branchMap":{},"s":{"0":0,"1":0,"2":0,"3":0,"4":0},"f":{},"b":{}}
,"C:\\Users\\hp\\Desktop\\wave\\stellarAid-api\\src\\users\\dtos\\submit-kyc.dto.ts": {"path":"C:\\Users\\hp\\Desktop\\wave\\stellarAid-api\\src\\users\\dtos\\submit-kyc.dto.ts","statementMap":{"0":{"start":{"line":1,"column":0},"end":{"line":1,"column":55}},"1":{"start":{"line":2,"column":0},"end":{"line":2,"column":46}},"2":{"start":{"line":4,"column":0},"end":{"line":4,"column":13}},"3":{"start":{"line":12,"column":2},"end":{"line":12,"column":null}}},"fnMap":{},"branchMap":{},"s":{"0":0,"1":0,"2":0,"3":0},"f":{},"b":{}}
,"C:\\Users\\hp\\Desktop\\wave\\stellarAid-api\\src\\users\\dtos\\update-kyc.dto.ts": {"path":"C:\\Users\\hp\\Desktop\\wave\\stellarAid-api\\src\\users\\dtos\\update-kyc.dto.ts","statementMap":{"0":{"start":{"line":1,"column":0},"end":{"line":1,"column":75}},"1":{"start":{"line":2,"column":0},"end":{"line":2,"column":67}},"2":{"start":{"line":3,"column":0},"end":{"line":3,"column":52}},"3":{"start":{"line":5,"column":0},"end":{"line":5,"column":13}},"4":{"start":{"line":13,"column":2},"end":{"line":13,"column":null}},"5":{"start":{"line":21,"column":2},"end":{"line":21,"column":null}}},"fnMap":{},"branchMap":{"0":{"loc":{"start":{"line":13,"column":10},"end":{"line":13,"column":20}},"type":"cond-expr","locations":[{"start":{"line":13,"column":19},"end":{"line":13,"column":20}},{"start":{"line":13,"column":19},"end":{"line":13,"column":20}}]},"1":{"loc":{"start":{"line":13,"column":10},"end":{"line":13,"column":19}},"type":"binary-expr","locations":[{"start":{"line":13,"column":10},"end":{"line":13,"column":20}},{"start":{"line":13,"column":10},"end":{"line":13,"column":19}}]}},"s":{"0":0,"1":0,"2":0,"3":0,"4":0,"5":0},"f":{},"b":{"0":[0,0],"1":[0,0]}}
,"C:\\Users\\hp\\Desktop\\wave\\stellarAid-api\\src\\users\\dtos\\update-user.dto.ts": {"path":"C:\\Users\\hp\\Desktop\\wave\\stellarAid-api\\src\\users\\dtos\\update-user.dto.ts","statementMap":{"0":{"start":{"line":1,"column":0},"end":{"line":1,"column":null}},"1":{"start":{"line":8,"column":0},"end":{"line":8,"column":54}},"2":{"start":{"line":10,"column":0},"end":{"line":10,"column":13}},"3":{"start":{"line":19,"column":2},"end":{"line":19,"column":null}},"4":{"start":{"line":29,"column":2},"end":{"line":29,"column":null}},"5":{"start":{"line":39,"column":2},"end":{"line":39,"column":null}},"6":{"start":{"line":49,"column":2},"end":{"line":49,"column":null}},"7":{"start":{"line":58,"column":2},"end":{"line":58,"column":null}},"8":{"start":{"line":70,"column":2},"end":{"line":70,"column":null}}},"fnMap":{},"branchMap":{},"s":{"0":0,"1":0,"2":0,"3":0,"4":0,"5":0,"6":0,"7":0,"8":0},"f":{},"b":{}}
,"C:\\Users\\hp\\Desktop\\wave\\stellarAid-api\\src\\users\\entities\\user.entity.ts": {"path":"C:\\Users\\hp\\Desktop\\wave\\stellarAid-api\\src\\users\\entities\\user.entity.ts","statementMap":{"0":{"start":{"line":1,"column":0},"end":{"line":1,"column":null}},"1":{"start":{"line":10,"column":0},"end":{"line":10,"column":null}},"2":{"start":{"line":11,"column":2},"end":{"line":11,"column":null}},"3":{"start":{"line":12,"column":2},"end":{"line":12,"column":null}},"4":{"start":{"line":13,"column":2},"end":{"line":13,"column":null}},"5":{"start":{"line":14,"column":2},"end":{"line":14,"column":null}},"6":{"start":{"line":17,"column":0},"end":{"line":17,"column":null}},"7":{"start":{"line":18,"column":2},"end":{"line":18,"column":null}},"8":{"start":{"line":19,"column":2},"end":{"line":19,"column":null}},"9":{"start":{"line":20,"column":2},"end":{"line":20,"column":null}},"10":{"start":{"line":21,"column":2},"end":{"line":21,"column":null}},"11":{"start":{"line":27,"column":7},"end":{"line":107,"column":null}},"12":{"start":{"line":27,"column":13},"end":{"line":27,"column":17}},"13":{"start":{"line":29,"column":2},"end":{"line":29,"column":null}},"14":{"start":{"line":32,"column":2},"end":{"line":32,"column":null}},"15":{"start":{"line":35,"column":2},"end":{"line":35,"column":null}},"16":{"start":{"line":38,"column":2},"end":{"line":38,"column":null}},"17":{"start":{"line":41,"column":2},"end":{"line":41,"column":null}},"18":{"start":{"line":44,"column":2},"end":{"line":44,"column":null}},"19":{"start":{"line":47,"column":2},"end":{"line":47,"column":null}},"20":{"start":{"line":50,"column":2},"end":{"line":50,"column":null}},"21":{"start":{"line":53,"column":2},"end":{"line":53,"column":null}},"22":{"start":{"line":60,"column":2},"end":{"line":60,"column":null}},"23":{"start":{"line":63,"column":2},"end":{"line":63,"column":null}},"24":{"start":{"line":66,"column":2},"end":{"line":66,"column":null}},"25":{"start":{"line":69,"column":2},"end":{"line":69,"column":null}},"26":{"start":{"line":72,"column":2},"end":{"line":72,"column":null}},"27":{"start":{"line":75,"column":2},"end":{"line":75,"column":null}},"28":{"start":{"line":78,"column":2},"end":{"line":78,"column":null}},"29":{"start":{"line":81,"column":2},"end":{"line":81,"column":null}},"30":{"start":{"line":88,"column":2},"end":{"line":88,"column":null}},"31":{"start":{"line":91,"column":2},"end":{"line":91,"column":null}},"32":{"start":{"line":94,"column":2},"end":{"line":94,"column":null}},"33":{"start":{"line":97,"column":2},"end":{"line":97,"column":null}},"34":{"start":{"line":100,"column":2},"end":{"line":100,"column":null}},"35":{"start":{"line":103,"column":2},"end":{"line":103,"column":null}},"36":{"start":{"line":106,"column":2},"end":{"line":106,"column":null}},"37":{"start":{"line":27,"column":13},"end":{"line":107,"column":null}}},"fnMap":{"0":{"name":"(anonymous_2)","decl":{"start":{"line":10,"column":0},"end":{"line":10,"column":12}},"loc":{"start":{"line":10,"column":20},"end":{"line":15,"column":1}}},"1":{"name":"(anonymous_3)","decl":{"start":{"line":17,"column":0},"end":{"line":17,"column":12}},"loc":{"start":{"line":17,"column":21},"end":{"line":22,"column":1}}}},"branchMap":{"0":{"loc":{"start":{"line":10,"column":12},"end":{"line":10,"column":null}},"type":"binary-expr","locations":[{"start":{"line":10,"column":12},"end":{"line":10,"column":20}},{"start":{"line":10,"column":20},"end":{"line":10,"column":null}}]},"1":{"loc":{"start":{"line":17,"column":12},"end":{"line":17,"column":null}},"type":"binary-expr","locations":[{"start":{"line":17,"column":12},"end":{"line":17,"column":21}},{"start":{"line":17,"column":21},"end":{"line":17,"column":null}}]},"2":{"loc":{"start":{"line":103,"column":13},"end":{"line":103,"column":18}},"type":"cond-expr","locations":[{"start":{"line":103,"column":17},"end":{"line":103,"column":18}},{"start":{"line":103,"column":17},"end":{"line":103,"column":18}}]},"3":{"loc":{"start":{"line":103,"column":13},"end":{"line":103,"column":17}},"type":"binary-expr","locations":[{"start":{"line":103,"column":13},"end":{"line":103,"column":18}},{"start":{"line":103,"column":13},"end":{"line":103,"column":17}}]},"4":{"loc":{"start":{"line":106,"column":13},"end":{"line":106,"column":18}},"type":"cond-expr","locations":[{"start":{"line":106,"column":17},"end":{"line":106,"column":18}},{"start":{"line":106,"column":17},"end":{"line":106,"column":18}}]},"5":{"loc":{"start":{"line":106,"column":13},"end":{"line":106,"column":17}},"type":"binary-expr","locations":[{"start":{"line":106,"column":13},"end":{"line":106,"column":18}},{"start":{"line":106,"column":13},"end":{"line":106,"column":17}}]}},"s":{"0":1,"1":1,"2":1,"3":1,"4":1,"5":1,"6":1,"7":1,"8":1,"9":1,"10":1,"11":1,"12":1,"13":1,"14":1,"15":1,"16":1,"17":1,"18":1,"19":1,"20":1,"21":1,"22":1,"23":1,"24":1,"25":1,"26":1,"27":1,"28":1,"29":1,"30":1,"31":1,"32":1,"33":1,"34":1,"35":1,"36":1,"37":1},"f":{"0":1,"1":1},"b":{"0":[1,1],"1":[1,1],"2":[1,0],"3":[1,1],"4":[1,0],"5":[1,1]}}
}
