{"C:\\Users\\a-abdulkareem\\Documents\\DRIPS\\stellarAid-api\\src\\users\\users.service.ts": {"path":"C:\\Users\\a-abdulkareem\\Documents\\DRIPS\\stellarAid-api\\src\\users\\users.service.ts","statementMap":{"0":{"start":{"line":1,"column":0},"end":{"line":1,"column":null}},"1":{"start":{"line":6,"column":0},"end":{"line":6,"column":51}},"2":{"start":{"line":7,"column":0},"end":{"line":7,"column":37}},"3":{"start":{"line":8,"column":0},"end":{"line":8,"column":57}},"4":{"start":{"line":13,"column":7},"end":{"line":104,"column":null}},"5":{"start":{"line":16,"column":21},"end":{"line":16,"column":37}},"6":{"start":{"line":20,"column":17},"end":{"line":20,"column":69}},"7":{"start":{"line":21,"column":4},"end":{"line":23,"column":5}},"8":{"start":{"line":22,"column":6},"end":{"line":22,"column":52}},"9":{"start":{"line":24,"column":4},"end":{"line":24,"column":16}},"10":{"start":{"line":28,"column":4},"end":{"line":28,"column":61}},"11":{"start":{"line":35,"column":17},"end":{"line":35,"column":44}},"12":{"start":{"line":36,"column":4},"end":{"line":36,"column":39}},"13":{"start":{"line":37,"column":4},"end":{"line":37,"column":42}},"14":{"start":{"line":44,"column":17},"end":{"line":44,"column":44}},"15":{"start":{"line":46,"column":4},"end":{"line":46,"column":68}},"16":{"start":{"line":46,"column":37},"end":{"line":46,"column":68}},"17":{"start":{"line":47,"column":4},"end":{"line":47,"column":65}},"18":{"start":{"line":47,"column":36},"end":{"line":47,"column":65}},"19":{"start":{"line":48,"column":4},"end":{"line":48,"column":62}},"20":{"start":{"line":48,"column":35},"end":{"line":48,"column":62}},"21":{"start":{"line":49,"column":4},"end":{"line":49,"column":50}},"22":{"start":{"line":49,"column":31},"end":{"line":49,"column":50}},"23":{"start":{"line":50,"column":4},"end":{"line":50,"column":68}},"24":{"start":{"line":50,"column":37},"end":{"line":50,"column":68}},"25":{"start":{"line":51,"column":4},"end":{"line":51,"column":80}},"26":{"start":{"line":51,"column":41},"end":{"line":51,"column":80}},"27":{"start":{"line":53,"column":4},"end":{"line":62,"column":5}},"28":{"start":{"line":54,"column":6},"end":{"line":54,"column":43}},"29":{"start":{"line":56,"column":6},"end":{"line":60,"column":7}},"30":{"start":{"line":57,"column":8},"end":{"line":59,"column":10}},"31":{"start":{"line":61,"column":6},"end":{"line":61,"column":16}},"32":{"start":{"line":64,"column":4},"end":{"line":64,"column":35}},"33":{"start":{"line":68,"column":17},"end":{"line":68,"column":44}},"34":{"start":{"line":72,"column":29},"end":{"line":79,"column":6}},"35":{"start":{"line":80,"column":22},"end":{"line":80,"column":61}},"36":{"start":{"line":81,"column":40},"end":{"line":82,"column":null}},"37":{"start":{"line":85,"column":4},"end":{"line":102,"column":6}},"38":{"start":{"line":13,"column":13},"end":{"line":13,"column":25}},"39":{"start":{"line":13,"column":13},"end":{"line":104,"column":null}}},"fnMap":{"0":{"name":"(anonymous_4)","decl":{"start":{"line":14,"column":2},"end":{"line":14,"column":null}},"loc":{"start":{"line":16,"column":53},"end":{"line":17,"column":6}}},"1":{"name":"(anonymous_5)","decl":{"start":{"line":19,"column":2},"end":{"line":19,"column":7}},"loc":{"start":{"line":19,"column":27},"end":{"line":25,"column":3}}},"2":{"name":"(anonymous_6)","decl":{"start":{"line":27,"column":2},"end":{"line":27,"column":7}},"loc":{"start":{"line":27,"column":33},"end":{"line":29,"column":3}}},"3":{"name":"(anonymous_7)","decl":{"start":{"line":31,"column":2},"end":{"line":31,"column":7}},"loc":{"start":{"line":33,"column":25},"end":{"line":38,"column":3}}},"4":{"name":"(anonymous_8)","decl":{"start":{"line":40,"column":2},"end":{"line":40,"column":7}},"loc":{"start":{"line":42,"column":22},"end":{"line":65,"column":3}}},"5":{"name":"(anonymous_9)","decl":{"start":{"line":67,"column":2},"end":{"line":67,"column":7}},"loc":{"start":{"line":67,"column":33},"end":{"line":103,"column":3}}}},"branchMap":{"0":{"loc":{"start":{"line":21,"column":4},"end":{"line":23,"column":5}},"type":"if","locations":[{"start":{"line":21,"column":4},"end":{"line":23,"column":5}},{"start":{},"end":{}}]},"1":{"loc":{"start":{"line":46,"column":4},"end":{"line":46,"column":68}},"type":"if","locations":[{"start":{"line":46,"column":4},"end":{"line":46,"column":68}},{"start":{},"end":{}}]},"2":{"loc":{"start":{"line":47,"column":4},"end":{"line":47,"column":65}},"type":"if","locations":[{"start":{"line":47,"column":4},"end":{"line":47,"column":65}},{"start":{},"end":{}}]},"3":{"loc":{"start":{"line":48,"column":4},"end":{"line":48,"column":62}},"type":"if","locations":[{"start":{"line":48,"column":4},"end":{"line":48,"column":62}},{"start":{},"end":{}}]},"4":{"loc":{"start":{"line":49,"column":4},"end":{"line":49,"column":50}},"type":"if","locations":[{"start":{"line":49,"column":4},"end":{"line":49,"column":50}},{"start":{},"end":{}}]},"5":{"loc":{"start":{"line":50,"column":4},"end":{"line":50,"column":68}},"type":"if","locations":[{"start":{"line":50,"column":4},"end":{"line":50,"column":68}},{"start":{},"end":{}}]},"6":{"loc":{"start":{"line":51,"column":4},"end":{"line":51,"column":80}},"type":"if","locations":[{"start":{"line":51,"column":4},"end":{"line":51,"column":80}},{"start":{},"end":{}}]},"7":{"loc":{"start":{"line":56,"column":6},"end":{"line":60,"column":7}},"type":"if","locations":[{"start":{"line":56,"column":6},"end":{"line":60,"column":7}},{"start":{},"end":{}}]},"8":{"loc":{"start":{"line":16,"column":37},"end":{"line":16,"column":53}},"type":"cond-expr","locations":[{"start":{"line":16,"column":47},"end":{"line":16,"column":53}},{"start":{"line":16,"column":47},"end":{"line":16,"column":53}}]},"9":{"loc":{"start":{"line":16,"column":37},"end":{"line":16,"column":47}},"type":"binary-expr","locations":[{"start":{"line":16,"column":37},"end":{"line":16,"column":53}},{"start":{"line":16,"column":37},"end":{"line":16,"column":47}}]}},"s":{"0":1,"1":1,"2":1,"3":1,"4":1,"5":43,"6":44,"7":41,"8":8,"9":33,"10":7,"11":6,"12":5,"13":5,"14":12,"15":10,"16":4,"17":10,"18":3,"19":10,"20":2,"21":10,"22":4,"23":10,"24":1,"25":10,"26":3,"27":10,"28":10,"29":3,"30":2,"31":1,"32":7,"33":18,"34":16,"35":16,"36":16,"37":16,"38":1,"39":1},"f":{"0":43,"1":44,"2":7,"3":6,"4":12,"5":18},"b":{"0":[8,33],"1":[4,6],"2":[3,7],"3":[2,8],"4":[4,6],"5":[1,9],"6":[3,7],"7":[2,1],"8":[1,0],"9":[1,1]}}
}
