TN:
SF:src\users\users.service.ts
FN:14,(anonymous_4)
FN:19,(anonymous_5)
FN:27,(anonymous_6)
FN:31,(anonymous_7)
FN:40,(anonymous_8)
FN:67,(anonymous_9)
FNF:6
FNH:6
FNDA:43,(anonymous_4)
FNDA:44,(anonymous_5)
FNDA:7,(anonymous_6)
FNDA:6,(anonymous_7)
FNDA:12,(anonymous_8)
FNDA:18,(anonymous_9)
DA:1,1
DA:6,1
DA:7,1
DA:8,1
DA:13,1
DA:16,43
DA:20,44
DA:21,41
DA:22,8
DA:24,33
DA:28,7
DA:35,6
DA:36,5
DA:37,5
DA:44,12
DA:46,10
DA:47,10
DA:48,10
DA:49,10
DA:50,10
DA:51,10
DA:53,10
DA:54,10
DA:56,3
DA:57,2
DA:61,1
DA:64,7
DA:68,18
DA:72,16
DA:80,16
DA:81,16
DA:85,16
LF:32
LH:32
BRDA:21,0,0,8
BRDA:21,0,1,33
BRDA:46,1,0,4
BRDA:46,1,1,6
BRDA:47,2,0,3
BRDA:47,2,1,7
BRDA:48,3,0,2
BRDA:48,3,1,8
BRDA:49,4,0,4
BRDA:49,4,1,6
BRDA:50,5,0,1
BRDA:50,5,1,9
BRDA:51,6,0,3
BRDA:51,6,1,7
BRDA:56,7,0,2
BRDA:56,7,1,1
BRDA:16,8,0,1
BRDA:16,8,1,0
BRDA:16,9,0,1
BRDA:16,9,1,1
BRF:20
BRH:19
end_of_record
