TN:
SF:src\app.controller.ts
FN:6,(anonymous_2)
FN:9,(anonymous_3)
FNF:2
FNH:0
FNDA:0,(anonymous_2)
FNDA:0,(anonymous_3)
DA:1,0
DA:2,0
DA:5,0
DA:6,0
DA:9,0
DA:10,0
LF:6
LH:0
BRDA:6,0,0,0
BRDA:6,0,1,0
BRDA:6,1,0,0
BRDA:6,1,1,0
BRF:4
BRH:0
end_of_record
TN:
SF:src\app.module.ts
FNF:0
FNH:0
DA:1,0
DA:2,0
DA:3,0
DA:4,0
DA:5,0
DA:6,0
DA:7,0
DA:8,0
DA:9,0
DA:10,0
DA:11,0
DA:31,0
LF:12
LH:0
BRF:0
BRH:0
end_of_record
TN:
SF:src\app.service.ts
FN:5,(anonymous_1)
FNF:1
FNH:0
FNDA:0,(anonymous_1)
DA:1,0
DA:4,0
DA:6,0
LF:3
LH:0
BRF:0
BRH:0
end_of_record
TN:
SF:src\main.ts
FN:7,bootstrap
FN:61,(anonymous_1)
FNF:2
FNH:0
FNDA:0,bootstrap
FNDA:0,(anonymous_1)
DA:1,0
DA:2,0
DA:3,0
DA:4,0
DA:5,0
DA:8,0
DA:9,0
DA:11,0
DA:23,0
DA:27,0
DA:29,0
DA:30,0
DA:52,0
DA:53,0
DA:61,0
DA:62,0
DA:65,0
DA:66,0
DA:69,0
DA:71,0
DA:76,0
DA:77,0
DA:78,0
DA:79,0
DA:83,0
DA:85,0
DA:88,0
LF:27
LH:0
BRDA:27,0,0,0
BRDA:27,0,1,0
BRDA:29,1,0,0
BRDA:29,1,1,0
BRDA:69,2,0,0
BRDA:69,2,1,0
BRDA:72,3,0,0
BRDA:72,3,1,0
BRF:8
BRH:0
end_of_record
TN:
SF:src\auth\auth.controller.ts
FN:29,(anonymous_4)
FN:42,(anonymous_5)
FN:50,(anonymous_6)
FN:63,(anonymous_7)
FN:72,(anonymous_8)
FN:83,(anonymous_9)
FN:98,(anonymous_10)
FNF:7
FNH:0
FNDA:0,(anonymous_4)
FNDA:0,(anonymous_5)
FNDA:0,(anonymous_6)
FNDA:0,(anonymous_7)
FNDA:0,(anonymous_8)
FNDA:0,(anonymous_9)
FNDA:0,(anonymous_10)
DA:1,0
DA:11,0
DA:12,0
DA:18,0
DA:19,0
DA:20,0
DA:21,0
DA:22,0
DA:23,0
DA:28,0
DA:29,0
DA:42,0
DA:43,0
DA:50,0
DA:54,0
DA:63,0
DA:64,0
DA:72,0
DA:75,0
DA:83,0
DA:86,0
DA:98,0
DA:101,0
LF:23
LH:0
BRDA:42,0,0,0
BRDA:42,0,1,0
BRDA:42,1,0,0
BRDA:42,1,1,0
BRDA:42,2,0,0
BRDA:42,2,1,0
BRDA:42,3,0,0
BRDA:42,3,1,0
BRDA:51,4,0,0
BRDA:51,4,1,0
BRDA:51,5,0,0
BRDA:51,5,1,0
BRDA:53,6,0,0
BRDA:53,6,1,0
BRDA:53,7,0,0
BRDA:53,7,1,0
BRDA:73,8,0,0
BRDA:73,8,1,0
BRDA:73,9,0,0
BRDA:73,9,1,0
BRDA:74,10,0,0
BRDA:74,10,1,0
BRDA:74,11,0,0
BRDA:74,11,1,0
BRDA:84,12,0,0
BRDA:84,12,1,0
BRDA:84,13,0,0
BRDA:84,13,1,0
BRDA:85,14,0,0
BRDA:85,14,1,0
BRDA:85,15,0,0
BRDA:85,15,1,0
BRDA:99,16,0,0
BRDA:99,16,1,0
BRDA:99,17,0,0
BRDA:99,17,1,0
BRDA:100,18,0,0
BRDA:100,18,1,0
BRDA:100,19,0,0
BRDA:100,19,1,0
BRDA:29,20,0,0
BRDA:29,20,1,0
BRDA:29,21,0,0
BRDA:29,21,1,0
BRF:44
BRH:0
end_of_record
TN:
SF:src\auth\auth.module.ts
FN:44,(anonymous_1)
FN:27,(anonymous_2)
FNF:2
FNH:0
FNDA:0,(anonymous_1)
FNDA:0,(anonymous_2)
DA:1,0
DA:7,0
DA:8,0
DA:9,0
DA:10,0
DA:11,0
DA:12,0
DA:13,0
DA:14,0
DA:16,0
DA:17,0
DA:18,0
DA:27,0
DA:43,0
DA:45,0
LF:15
LH:0
BRF:0
BRH:0
end_of_record
TN:
SF:src\auth\auth.service.ts
FN:32,(anonymous_13)
FN:40,(anonymous_14)
FN:91,(anonymous_15)
FN:119,(anonymous_16)
FN:143,(anonymous_17)
FN:182,(anonymous_18)
FN:192,(anonymous_19)
FN:219,(anonymous_20)
FN:238,(anonymous_21)
FN:286,(anonymous_22)
FN:350,(anonymous_23)
FN:384,(anonymous_24)
FN:427,(anonymous_25)
FNF:13
FNH:0
FNDA:0,(anonymous_13)
FNDA:0,(anonymous_14)
FNDA:0,(anonymous_15)
FNDA:0,(anonymous_16)
FNDA:0,(anonymous_17)
FNDA:0,(anonymous_18)
FNDA:0,(anonymous_19)
FNDA:0,(anonymous_20)
FNDA:0,(anonymous_21)
FNDA:0,(anonymous_22)
FNDA:0,(anonymous_23)
FNDA:0,(anonymous_24)
FNDA:0,(anonymous_25)
DA:1,0
DA:11,0
DA:12,0
DA:13,0
DA:14,0
DA:15,0
DA:16,0
DA:23,0
DA:29,0
DA:30,0
DA:34,0
DA:35,0
DA:36,0
DA:44,0
DA:45,0
DA:46,0
DA:49,0
DA:53,0
DA:54,0
DA:58,0
DA:59,0
DA:62,0
DA:63,0
DA:64,0
DA:67,0
DA:71,0
DA:77,0
DA:85,0
DA:88,0
DA:92,0
DA:96,0
DA:97,0
DA:100,0
DA:101,0
DA:103,0
DA:110,0
DA:114,0
DA:116,0
DA:120,0
DA:124,0
DA:125,0
DA:128,0
DA:132,0
DA:133,0
DA:138,0
DA:140,0
DA:144,0
DA:151,0
DA:163,0
DA:164,0
DA:165,0
DA:167,0
DA:183,0
DA:186,0
DA:187,0
DA:189,0
DA:196,0
DA:200,0
DA:201,0
DA:204,0
DA:208,0
DA:211,0
DA:212,0
DA:213,0
DA:214,0
DA:216,0
DA:222,0
DA:226,0
DA:227,0
DA:230,0
DA:231,0
DA:235,0
DA:239,0
DA:242,0
DA:243,0
DA:249,0
DA:250,0
DA:251,0
DA:252,0
DA:254,0
DA:255,0
DA:256,0
DA:257,0
DA:259,0
DA:261,0
DA:263,0
DA:268,0
DA:277,0
DA:280,0
DA:290,0
DA:291,0
DA:292,0
DA:295,0
DA:296,0
DA:299,0
DA:304,0
DA:307,0
DA:308,0
DA:311,0
DA:315,0
DA:316,0
DA:320,0
DA:321,0
DA:322,0
DA:323,0
DA:324,0
DA:325,0
DA:327,0
DA:328,0
DA:330,0
DA:332,0
DA:338,0
DA:344,0
DA:347,0
DA:354,0
DA:355,0
DA:356,0
DA:359,0
DA:360,0
DA:361,0
DA:362,0
DA:363,0
DA:365,0
DA:367,0
DA:372,0
DA:378,0
DA:381,0
DA:388,0
DA:389,0
DA:390,0
DA:393,0
DA:394,0
DA:396,0
DA:397,0
DA:398,0
DA:399,0
DA:400,0
DA:403,0
DA:405,0
DA:407,0
DA:413,0
DA:421,0
DA:424,0
DA:428,0
DA:430,0
DA:435,0
DA:438,0
DA:439,0
DA:443,0
DA:444,0
DA:447,0
DA:450,0
DA:454,0
DA:456,0
DA:459,0
DA:460,0
DA:461,0
DA:465,0
DA:469,0
DA:471,0
DA:473,0
DA:477,0
DA:479,0
LF:163
LH:0
BRDA:45,0,0,0
BRDA:45,0,1,0
BRDA:53,1,0,0
BRDA:53,1,1,0
BRDA:71,2,0,0
BRDA:71,2,1,0
BRDA:72,3,0,0
BRDA:72,3,1,0
BRDA:96,4,0,0
BRDA:96,4,1,0
BRDA:124,5,0,0
BRDA:124,5,1,0
BRDA:132,6,0,0
BRDA:132,6,1,0
BRDA:148,7,0,0
BRDA:148,7,1,0
BRDA:176,8,0,0
BRDA:176,8,1,0
BRDA:186,9,0,0
BRDA:186,9,1,0
BRDA:200,10,0,0
BRDA:200,10,1,0
BRDA:204,11,0,0
BRDA:204,11,1,0
BRDA:205,12,0,0
BRDA:205,12,1,0
BRDA:226,13,0,0
BRDA:226,13,1,0
BRDA:230,14,0,0
BRDA:230,14,1,0
BRDA:242,15,0,0
BRDA:242,15,1,0
BRDA:263,16,0,0
BRDA:263,16,1,0
BRDA:264,17,0,0
BRDA:264,17,1,0
BRDA:291,18,0,0
BRDA:291,18,1,0
BRDA:299,19,0,0
BRDA:299,19,1,0
BRDA:300,20,0,0
BRDA:300,20,1,0
BRDA:300,20,2,0
BRDA:307,21,0,0
BRDA:307,21,1,0
BRDA:315,22,0,0
BRDA:315,22,1,0
BRDA:332,23,0,0
BRDA:332,23,1,0
BRDA:333,24,0,0
BRDA:333,24,1,0
BRDA:355,25,0,0
BRDA:355,25,1,0
BRDA:367,26,0,0
BRDA:367,26,1,0
BRDA:368,27,0,0
BRDA:368,27,1,0
BRDA:389,28,0,0
BRDA:389,28,1,0
BRDA:396,29,0,0
BRDA:396,29,1,0
BRDA:399,30,0,0
BRDA:399,30,1,0
BRDA:400,31,0,0
BRDA:400,31,1,0
BRDA:407,32,0,0
BRDA:407,32,1,0
BRDA:408,33,0,0
BRDA:408,33,1,0
BRDA:417,34,0,0
BRDA:417,34,1,0
BRDA:438,35,0,0
BRDA:438,35,1,0
BRDA:443,36,0,0
BRDA:443,36,1,0
BRDA:454,37,0,0
BRDA:454,37,1,0
BRDA:473,38,0,0
BRDA:473,38,1,0
BRDA:474,39,0,0
BRDA:474,39,1,0
BRDA:34,40,0,0
BRDA:34,40,1,0
BRDA:34,41,0,0
BRDA:34,41,1,0
BRDA:34,42,0,0
BRDA:34,42,1,0
BRDA:34,43,0,0
BRDA:34,43,1,0
BRDA:35,44,0,0
BRDA:35,44,1,0
BRDA:35,45,0,0
BRDA:35,45,1,0
BRF:93
BRH:0
end_of_record
TN:
SF:src\auth\decorators\current-user.decorator.ts
FN:17,(anonymous_0)
FNF:1
FNH:0
FNDA:0,(anonymous_0)
DA:1,0
DA:16,0
DA:18,0
DA:21,0
DA:22,0
LF:5
LH:0
BRDA:22,0,0,0
BRDA:22,0,1,0
BRF:2
BRH:0
end_of_record
TN:
SF:src\auth\decorators\public.decorator.ts
FN:13,(anonymous_0)
FNF:1
FNH:0
FNDA:0,(anonymous_0)
DA:1,0
DA:3,0
DA:13,0
LF:3
LH:0
BRF:0
BRH:0
end_of_record
TN:
SF:src\auth\dtos\login.dto.ts
FNF:0
FNH:0
DA:1,0
DA:2,0
DA:4,0
DA:12,0
DA:21,0
LF:5
LH:0
BRF:0
BRH:0
end_of_record
TN:
SF:src\auth\dtos\refresh-token.dto.ts
FNF:0
FNH:0
DA:1,0
DA:2,0
DA:4,0
DA:11,0
LF:4
LH:0
BRF:0
BRH:0
end_of_record
TN:
SF:src\auth\dtos\register.dto.ts
FNF:0
FNH:0
DA:1,0
DA:10,0
DA:11,0
DA:13,0
DA:21,0
DA:39,0
DA:48,0
DA:57,0
DA:66,0
DA:75,0
LF:10
LH:0
BRDA:75,0,0,0
BRDA:75,0,1,0
BRDA:75,1,0,0
BRDA:75,1,1,0
BRF:4
BRH:0
end_of_record
TN:
SF:src\auth\dtos\resend-verification.dto.ts
FNF:0
FNH:0
DA:1,0
DA:2,0
DA:4,0
DA:12,0
LF:4
LH:0
BRF:0
BRH:0
end_of_record
TN:
SF:src\auth\dtos\verify-email.dto.ts
FNF:0
FNH:0
DA:1,0
DA:2,0
DA:4,0
DA:11,0
LF:4
LH:0
BRF:0
BRH:0
end_of_record
TN:
SF:src\auth\guard\jwt-auth.guard.ts
FN:10,(anonymous_2)
FN:14,(anonymous_3)
FNF:2
FNH:0
FNDA:0,(anonymous_2)
FNDA:0,(anonymous_3)
DA:1,0
DA:2,0
DA:3,0
DA:5,0
DA:6,0
DA:9,0
DA:10,0
DA:11,0
DA:17,0
DA:21,0
DA:22,0
LF:11
LH:0
BRDA:21,0,0,0
BRDA:21,0,1,0
BRDA:10,1,0,0
BRDA:10,1,1,0
BRDA:10,2,0,0
BRDA:10,2,1,0
BRF:6
BRH:0
end_of_record
TN:
SF:src\auth\middleware\token-validation.middleware.ts
FN:14,(anonymous_1)
FNF:1
FNH:0
FNDA:0,(anonymous_1)
DA:1,0
DA:13,0
DA:15,0
DA:17,0
DA:19,0
DA:20,0
DA:25,0
DA:26,0
DA:27,0
DA:32,0
LF:10
LH:0
BRDA:17,0,0,0
BRDA:17,0,1,0
BRDA:19,1,0,0
BRDA:19,1,1,0
BRDA:26,2,0,0
BRDA:26,2,1,0
BRF:6
BRH:0
end_of_record
TN:
SF:src\auth\strategies\jwt.strategy.ts
FN:11,(anonymous_2)
FN:19,(anonymous_3)
FNF:2
FNH:0
FNDA:0,(anonymous_2)
FNDA:0,(anonymous_3)
DA:1,0
DA:2,0
DA:3,0
DA:4,0
DA:7,0
DA:10,0
DA:11,0
DA:12,0
DA:20,0
DA:21,0
DA:23,0
LF:11
LH:0
BRDA:20,0,0,0
BRDA:20,0,1,0
BRDA:11,1,0,0
BRDA:11,1,1,0
BRDA:11,2,0,0
BRDA:11,2,1,0
BRF:6
BRH:0
end_of_record
TN:
SF:src\common\http-exeption.filter.ts
FN:14,(anonymous_4)
FN:15,(anonymous_5)
FN:32,(anonymous_6)
FNF:3
FNH:0
FNDA:0,(anonymous_4)
FNDA:0,(anonymous_5)
FNDA:0,(anonymous_6)
DA:1,0
DA:10,0
DA:13,0
DA:14,0
DA:16,0
DA:17,0
DA:18,0
DA:20,0
DA:21,0
DA:23,0
DA:24,0
DA:26,0
DA:27,0
DA:28,0
DA:29,0
DA:30,0
DA:31,0
DA:32,0
DA:40,0
DA:41,0
DA:42,0
DA:48,0
LF:22
LH:0
BRDA:26,0,0,0
BRDA:26,0,1,0
BRDA:28,1,0,0
BRDA:28,1,1,0
BRDA:30,2,0,0
BRDA:30,2,1,0
BRDA:31,3,0,0
BRDA:31,3,1,0
BRDA:40,4,0,0
BRDA:40,4,1,0
BRDA:41,5,0,0
BRDA:41,5,1,0
BRDA:14,6,0,0
BRDA:14,6,1,0
BRDA:14,7,0,0
BRDA:14,7,1,0
BRF:16
BRH:0
end_of_record
TN:
SF:src\common\decorators\roles.decorator.ts
FN:5,(anonymous_0)
FNF:1
FNH:0
FNDA:0,(anonymous_0)
DA:1,0
DA:4,0
DA:5,0
LF:3
LH:0
BRF:0
BRH:0
end_of_record
TN:
SF:src\common\guards\roles.guard.ts
FN:8,(anonymous_2)
FN:10,(anonymous_3)
FN:25,(anonymous_4)
FNF:3
FNH:0
FNDA:0,(anonymous_2)
FNDA:0,(anonymous_3)
FNDA:0,(anonymous_4)
DA:1,0
DA:2,0
DA:3,0
DA:7,0
DA:8,0
DA:11,0
DA:16,0
DA:17,0
DA:20,0
DA:21,0
DA:22,0
DA:25,0
LF:12
LH:0
BRDA:16,0,0,0
BRDA:16,0,1,0
BRDA:21,1,0,0
BRDA:21,1,1,0
BRDA:8,2,0,0
BRDA:8,2,1,0
BRDA:8,3,0,0
BRDA:8,3,1,0
BRF:8
BRH:0
end_of_record
TN:
SF:src\common\interceptors\logging.interceptor.ts
FN:14,(anonymous_1)
FN:20,(anonymous_2)
FNF:2
FNH:0
FNDA:0,(anonymous_1)
FNDA:0,(anonymous_2)
DA:1,0
DA:8,0
DA:11,0
DA:12,0
DA:15,0
DA:16,0
DA:17,0
DA:19,0
DA:21,0
DA:22,0
DA:24,0
LF:11
LH:0
BRF:0
BRH:0
end_of_record
TN:
SF:src\database\app-config.service.ts
FN:7,(anonymous_2)
FN:9,(anonymous_3)
FN:13,(anonymous_4)
FN:17,(anonymous_5)
FN:21,(anonymous_6)
FN:25,(anonymous_7)
FN:29,(anonymous_8)
FNF:7
FNH:0
FNDA:0,(anonymous_2)
FNDA:0,(anonymous_3)
FNDA:0,(anonymous_4)
FNDA:0,(anonymous_5)
FNDA:0,(anonymous_6)
FNDA:0,(anonymous_7)
FNDA:0,(anonymous_8)
DA:1,0
DA:2,0
DA:6,0
DA:7,0
DA:10,0
DA:14,0
DA:18,0
DA:22,0
DA:26,0
DA:30,0
LF:10
LH:0
BRDA:7,0,0,0
BRDA:7,0,1,0
BRDA:7,1,0,0
BRDA:7,1,1,0
BRF:4
BRH:0
end_of_record
TN:
SF:src\database\config.ts
FN:3,(anonymous_0)
FNF:1
FNH:0
FNDA:0,(anonymous_0)
DA:3,0
LF:1
LH:0
BRDA:4,0,0,0
BRDA:4,0,1,0
BRDA:7,1,0,0
BRDA:7,1,1,0
BRDA:8,2,0,0
BRDA:8,2,1,0
BRDA:10,3,0,0
BRDA:10,3,1,0
BRDA:12,4,0,0
BRDA:12,4,1,0
BRDA:14,5,0,0
BRDA:14,5,1,0
BRDA:25,6,0,0
BRDA:25,6,1,0
BRF:14
BRH:0
end_of_record
TN:
SF:src\database\database.module.ts
FN:10,(anonymous_1)
FNF:1
FNH:0
FNDA:0,(anonymous_1)
DA:1,0
DA:2,0
DA:3,0
DA:10,0
DA:23,0
LF:5
LH:0
BRF:0
BRH:0
end_of_record
TN:
SF:src\database\env.validation.ts
FNF:0
FNH:0
DA:1,0
DA:3,0
LF:2
LH:0
BRF:0
BRH:0
end_of_record
TN:
SF:src\logger\logger.middleware.ts
FN:7,(anonymous_2)
FN:9,(anonymous_3)
FN:13,(anonymous_4)
FNF:3
FNH:0
FNDA:0,(anonymous_2)
FNDA:0,(anonymous_3)
FNDA:0,(anonymous_4)
DA:1,0
DA:3,0
DA:6,0
DA:7,0
DA:10,0
DA:11,0
DA:13,0
DA:14,0
DA:15,0
DA:16,0
DA:28,0
LF:11
LH:0
BRDA:7,0,0,0
BRDA:7,0,1,0
BRDA:7,1,0,0
BRDA:7,1,1,0
BRF:4
BRH:0
end_of_record
TN:
SF:src\logger\logger.module.ts
FN:15,(anonymous_1)
FNF:1
FNH:0
FNDA:0,(anonymous_1)
DA:1,0
DA:7,0
DA:8,0
DA:14,0
DA:16,0
LF:5
LH:0
BRF:0
BRH:0
end_of_record
TN:
SF:src\logger\logger.service.ts
FN:12,(anonymous_3)
FN:34,(anonymous_4)
FN:39,(anonymous_5)
FN:56,(anonymous_6)
FN:61,(anonymous_7)
FN:67,(anonymous_8)
FN:72,(anonymous_9)
FN:77,(anonymous_10)
FNF:8
FNH:0
FNDA:0,(anonymous_3)
FNDA:0,(anonymous_4)
FNDA:0,(anonymous_5)
FNDA:0,(anonymous_6)
FNDA:0,(anonymous_7)
FNDA:0,(anonymous_8)
FNDA:0,(anonymous_9)
FNDA:0,(anonymous_10)
DA:1,0
DA:2,0
DA:3,0
DA:4,0
DA:7,0
DA:13,0
DA:15,0
DA:16,0
DA:18,0
DA:19,0
DA:21,0
DA:22,0
DA:24,0
DA:31,0
DA:35,0
DA:36,0
DA:40,0
DA:41,0
DA:42,0
DA:43,0
DA:44,0
DA:48,0
DA:49,0
DA:50,0
DA:51,0
DA:52,0
DA:57,0
DA:58,0
DA:62,0
DA:63,0
DA:64,0
DA:68,0
DA:69,0
DA:73,0
DA:74,0
DA:78,0
DA:79,0
LF:37
LH:0
BRDA:13,0,0,0
BRDA:13,0,1,0
BRDA:15,1,0,0
BRDA:15,1,1,0
BRDA:15,2,0,0
BRDA:15,2,1,0
BRDA:18,3,0,0
BRDA:18,3,1,0
BRDA:19,4,0,0
BRDA:19,4,1,0
BRDA:41,5,0,0
BRDA:41,5,1,0
BRDA:48,6,0,0
BRDA:48,6,1,0
BRDA:63,7,0,0
BRDA:63,7,1,0
BRF:16
BRH:0
end_of_record
TN:
SF:src\modules\mail\mail.module.ts
FNF:0
FNH:0
DA:1,0
DA:2,0
DA:3,0
DA:10,0
LF:4
LH:0
BRF:0
BRH:0
end_of_record
TN:
SF:src\modules\mail\mail.service.ts
FN:25,(anonymous_11)
FN:27,(anonymous_12)
FN:66,(anonymous_13)
FN:110,(anonymous_14)
FN:137,(anonymous_15)
FNF:5
FNH:0
FNDA:0,(anonymous_11)
FNDA:0,(anonymous_12)
FNDA:0,(anonymous_13)
FNDA:0,(anonymous_14)
FNDA:0,(anonymous_15)
DA:1,0
DA:2,0
DA:3,0
DA:4,0
DA:5,0
DA:6,0
DA:21,0
DA:22,0
DA:23,0
DA:25,0
DA:28,0
DA:29,0
DA:30,0
DA:32,0
DA:41,0
DA:43,0
DA:53,0
DA:54,0
DA:58,0
DA:62,0
DA:67,0
DA:68,0
DA:69,0
DA:71,0
DA:72,0
DA:85,0
DA:87,0
DA:97,0
DA:98,0
DA:102,0
DA:106,0
DA:111,0
DA:113,0
DA:123,0
DA:129,0
DA:130,0
DA:132,0
DA:133,0
DA:138,0
DA:139,0
DA:140,0
DA:141,0
DA:143,0
LF:43
LH:0
BRDA:71,0,0,0
BRDA:71,0,1,0
BRDA:138,1,0,0
BRDA:138,1,1,0
BRDA:140,2,0,0
BRDA:140,2,1,0
BRDA:25,3,0,0
BRDA:25,3,1,0
BRDA:25,4,0,0
BRDA:25,4,1,0
BRF:10
BRH:0
end_of_record
TN:
SF:src\projects\projects.controller.ts
FN:10,(anonymous_4)
FN:17,(anonymous_5)
FNF:2
FNH:0
FNDA:0,(anonymous_4)
FNDA:0,(anonymous_5)
DA:1,0
DA:2,0
DA:3,0
DA:4,0
DA:5,0
DA:9,0
DA:10,0
DA:17,0
DA:18,0
DA:19,0
LF:10
LH:0
BRDA:22,0,0,0
BRDA:22,0,1,0
BRDA:23,1,0,0
BRDA:23,1,1,0
BRDA:17,2,0,0
BRDA:17,2,1,0
BRDA:17,3,0,0
BRDA:17,3,1,0
BRDA:10,4,0,0
BRDA:10,4,1,0
BRDA:10,5,0,0
BRDA:10,5,1,0
BRF:12
BRH:0
end_of_record
TN:
SF:src\projects\projects.module.ts
FNF:0
FNH:0
DA:1,0
DA:2,0
DA:3,0
DA:4,0
DA:5,0
DA:6,0
DA:14,0
LF:7
LH:0
BRF:0
BRH:0
end_of_record
TN:
SF:src\projects\projects.service.ts
FN:12,(anonymous_4)
FN:17,(anonymous_5)
FNF:2
FNH:2
FNDA:24,(anonymous_4)
FNDA:30,(anonymous_5)
DA:1,1
DA:2,1
DA:3,1
DA:4,1
DA:5,1
DA:11,1
DA:14,24
DA:27,30
DA:29,30
DA:52,29
DA:53,4
DA:55,25
DA:60,29
DA:61,10
DA:64,29
DA:65,5
DA:71,29
DA:73,2
DA:74,2
DA:76,2
DA:77,2
DA:80,25
DA:81,25
DA:84,29
DA:86,28
DA:88,27
LF:26
LH:26
BRDA:24,0,0,25
BRDA:25,1,0,26
BRDA:26,2,0,27
BRDA:52,3,0,4
BRDA:52,3,1,25
BRDA:60,4,0,10
BRDA:60,4,1,19
BRDA:64,5,0,5
BRDA:64,5,1,24
BRDA:71,6,0,2
BRDA:71,6,1,2
BRDA:71,6,2,25
BRDA:71,6,3,25
BRDA:14,7,0,1
BRDA:14,7,1,0
BRDA:14,8,0,1
BRDA:14,8,1,1
BRF:17
BRH:16
end_of_record
TN:
SF:src\projects\dtos\get-projects-query.dto.ts
FN:6,(anonymous_2)
FN:57,(anonymous_3)
FN:70,(anonymous_4)
FNF:3
FNH:1
FNDA:1,(anonymous_2)
FNDA:0,(anonymous_3)
FNDA:0,(anonymous_4)
DA:1,1
DA:2,1
DA:3,1
DA:4,1
DA:6,1
DA:7,1
DA:8,1
DA:9,1
DA:12,1
DA:20,1
DA:29,1
DA:37,1
DA:47,1
DA:57,0
DA:61,1
DA:70,0
DA:73,1
LF:17
LH:15
BRDA:6,0,0,1
BRDA:6,0,1,1
BRDA:20,1,0,0
BRDA:20,1,1,1
BRDA:20,2,0,1
BRDA:20,2,1,1
BRDA:29,3,0,0
BRDA:29,3,1,1
BRDA:29,4,0,1
BRDA:29,4,1,1
BRF:10
BRH:8
end_of_record
TN:
SF:src\projects\entities\donation.entity.ts
FN:23,(anonymous_2)
FN:23,(anonymous_3)
FN:32,(anonymous_4)
FNF:3
FNH:0
FNDA:0,(anonymous_2)
FNDA:0,(anonymous_3)
FNDA:0,(anonymous_4)
DA:1,1
DA:10,1
DA:11,1
DA:16,1
DA:18,1
DA:21,1
DA:23,0
DA:27,1
DA:30,1
DA:32,0
DA:34,1
DA:37,1
DA:40,1
DA:43,1
DA:46,1
LF:15
LH:13
BRDA:27,0,0,0
BRDA:27,0,1,1
BRDA:27,1,0,1
BRDA:27,1,1,0
BRDA:46,2,0,1
BRDA:46,2,1,0
BRDA:46,3,0,1
BRDA:46,3,1,1
BRF:8
BRH:5
end_of_record
TN:
SF:src\projects\entities\project.entity.ts
FN:15,(anonymous_2)
FN:24,(anonymous_3)
FN:81,(anonymous_4)
FN:85,(anonymous_5)
FN:85,(anonymous_6)
FNF:5
FNH:2
FNDA:1,(anonymous_2)
FNDA:1,(anonymous_3)
FNDA:0,(anonymous_4)
FNDA:0,(anonymous_5)
FNDA:0,(anonymous_6)
DA:1,1
DA:12,1
DA:13,1
DA:15,1
DA:16,1
DA:17,1
DA:18,1
DA:19,1
DA:20,1
DA:21,1
DA:24,1
DA:25,1
DA:26,1
DA:27,1
DA:28,1
DA:29,1
DA:30,1
DA:31,1
DA:32,1
DA:38,1
DA:40,1
DA:43,1
DA:46,1
DA:49,1
DA:56,1
DA:63,1
DA:66,1
DA:69,1
DA:72,1
DA:75,1
DA:79,1
DA:81,0
DA:83,1
DA:85,0
DA:86,1
DA:89,1
DA:92,1
LF:37
LH:35
BRDA:15,0,0,1
BRDA:15,0,1,1
BRDA:24,1,0,1
BRDA:24,1,1,1
BRDA:83,2,0,1
BRDA:83,2,1,0
BRDA:83,3,0,1
BRDA:83,3,1,1
BRDA:89,4,0,1
BRDA:89,4,1,0
BRDA:89,5,0,1
BRDA:89,5,1,1
BRDA:92,6,0,1
BRDA:92,6,1,0
BRDA:92,7,0,1
BRDA:92,7,1,1
BRF:16
BRH:13
end_of_record
TN:
SF:src\users\users.controller.ts
FN:38,(anonymous_4)
FN:49,(anonymous_5)
FN:60,(anonymous_6)
FN:75,(anonymous_7)
FN:89,(anonymous_8)
FN:99,(anonymous_9)
FN:110,(anonymous_10)
FN:125,(anonymous_11)
FNF:8
FNH:0
FNDA:0,(anonymous_4)
FNDA:0,(anonymous_5)
FNDA:0,(anonymous_6)
FNDA:0,(anonymous_7)
FNDA:0,(anonymous_8)
FNDA:0,(anonymous_9)
FNDA:0,(anonymous_10)
FNDA:0,(anonymous_11)
DA:1,0
DA:14,0
DA:15,0
DA:22,0
DA:23,0
DA:24,0
DA:25,0
DA:26,0
DA:27,0
DA:28,0
DA:29,0
DA:30,0
DA:31,0
DA:32,0
DA:37,0
DA:39,0
DA:40,0
DA:49,0
DA:50,0
DA:60,0
DA:64,0
DA:75,0
DA:79,0
DA:80,0
DA:89,0
DA:90,0
DA:99,0
DA:100,0
DA:110,0
DA:111,0
DA:112,0
DA:125,0
DA:131,0
DA:132,0
DA:134,0
LF:35
LH:0
BRDA:131,0,0,0
BRDA:131,0,1,0
BRDA:62,1,0,0
BRDA:62,1,1,0
BRDA:62,2,0,0
BRDA:62,2,1,0
BRDA:77,3,0,0
BRDA:77,3,1,0
BRDA:77,4,0,0
BRDA:77,4,1,0
BRDA:89,5,0,0
BRDA:89,5,1,0
BRDA:89,6,0,0
BRDA:89,6,1,0
BRDA:99,7,0,0
BRDA:99,7,1,0
BRDA:99,8,0,0
BRDA:99,8,1,0
BRDA:110,9,0,0
BRDA:110,9,1,0
BRDA:110,10,0,0
BRDA:110,10,1,0
BRDA:128,11,0,0
BRDA:128,11,1,0
BRDA:128,12,0,0
BRDA:128,12,1,0
BRDA:39,13,0,0
BRDA:39,13,1,0
BRDA:39,14,0,0
BRDA:39,14,1,0
BRDA:39,15,0,0
BRDA:39,15,1,0
BRDA:39,16,0,0
BRDA:39,16,1,0
BRF:34
BRH:0
end_of_record
TN:
SF:src\users\users.module.ts
FNF:0
FNH:0
DA:1,0
DA:2,0
DA:3,0
DA:4,0
DA:5,0
DA:6,0
DA:14,0
LF:7
LH:0
BRF:0
BRH:0
end_of_record
TN:
SF:src\users\users.service.ts
FN:14,(anonymous_4)
FN:19,(anonymous_5)
FN:27,(anonymous_6)
FN:31,(anonymous_7)
FN:40,(anonymous_8)
FN:67,(anonymous_9)
FNF:6
FNH:0
FNDA:0,(anonymous_4)
FNDA:0,(anonymous_5)
FNDA:0,(anonymous_6)
FNDA:0,(anonymous_7)
FNDA:0,(anonymous_8)
FNDA:0,(anonymous_9)
DA:1,0
DA:6,0
DA:7,0
DA:8,0
DA:13,0
DA:16,0
DA:20,0
DA:21,0
DA:22,0
DA:24,0
DA:28,0
DA:35,0
DA:36,0
DA:37,0
DA:44,0
DA:46,0
DA:47,0
DA:48,0
DA:49,0
DA:50,0
DA:51,0
DA:53,0
DA:54,0
DA:56,0
DA:57,0
DA:61,0
DA:64,0
DA:68,0
DA:72,0
DA:80,0
DA:81,0
DA:85,0
LF:32
LH:0
BRDA:21,0,0,0
BRDA:21,0,1,0
BRDA:46,1,0,0
BRDA:46,1,1,0
BRDA:47,2,0,0
BRDA:47,2,1,0
BRDA:48,3,0,0
BRDA:48,3,1,0
BRDA:49,4,0,0
BRDA:49,4,1,0
BRDA:50,5,0,0
BRDA:50,5,1,0
BRDA:51,6,0,0
BRDA:51,6,1,0
BRDA:56,7,0,0
BRDA:56,7,1,0
BRDA:16,8,0,0
BRDA:16,8,1,0
BRDA:16,9,0,0
BRDA:16,9,1,0
BRF:20
BRH:0
end_of_record
TN:
SF:src\users\dtos\change-password.dto.ts
FNF:0
FNH:0
DA:1,0
DA:2,0
DA:4,0
DA:11,0
DA:29,0
LF:5
LH:0
BRF:0
BRH:0
end_of_record
TN:
SF:src\users\dtos\forgot-password.dto.ts
FNF:0
FNH:0
DA:1,0
DA:2,0
DA:4,0
DA:12,0
LF:4
LH:0
BRF:0
BRH:0
end_of_record
TN:
SF:src\users\dtos\profile-response.dto.ts
FNF:0
FNH:0
DA:1,0
DA:2,0
DA:4,0
DA:9,0
DA:15,0
DA:18,0
DA:21,0
DA:28,0
DA:35,0
DA:42,0
DA:49,0
DA:56,0
DA:59,0
DA:66,0
DA:73,0
DA:80,0
DA:86,0
DA:89,0
DA:97,0
LF:19
LH:0
BRDA:28,0,0,0
BRDA:28,0,1,0
BRDA:28,1,0,0
BRDA:28,1,1,0
BRDA:66,2,0,0
BRDA:66,2,1,0
BRDA:66,3,0,0
BRDA:66,3,1,0
BRDA:86,4,0,0
BRDA:86,4,1,0
BRDA:86,5,0,0
BRDA:86,5,1,0
BRDA:89,6,0,0
BRDA:89,6,1,0
BRDA:89,7,0,0
BRDA:89,7,1,0
BRF:16
BRH:0
end_of_record
TN:
SF:src\users\dtos\reset-password.dto.ts
FNF:0
FNH:0
DA:1,0
DA:2,0
DA:4,0
DA:11,0
DA:23,0
LF:5
LH:0
BRF:0
BRH:0
end_of_record
TN:
SF:src\users\dtos\submit-kyc.dto.ts
FNF:0
FNH:0
DA:1,0
DA:2,0
DA:4,0
DA:12,0
LF:4
LH:0
BRF:0
BRH:0
end_of_record
TN:
SF:src\users\dtos\update-kyc.dto.ts
FNF:0
FNH:0
DA:1,0
DA:2,0
DA:3,0
DA:5,0
DA:13,0
DA:21,0
LF:6
LH:0
BRDA:13,0,0,0
BRDA:13,0,1,0
BRDA:13,1,0,0
BRDA:13,1,1,0
BRF:4
BRH:0
end_of_record
TN:
SF:src\users\dtos\update-user.dto.ts
FNF:0
FNH:0
DA:1,0
DA:8,0
DA:10,0
DA:19,0
DA:29,0
DA:39,0
DA:49,0
DA:58,0
DA:70,0
LF:9
LH:0
BRF:0
BRH:0
end_of_record
TN:
SF:src\users\entities\user.entity.ts
FN:10,(anonymous_2)
FN:17,(anonymous_3)
FNF:2
FNH:2
FNDA:1,(anonymous_2)
FNDA:1,(anonymous_3)
DA:1,1
DA:10,1
DA:11,1
DA:12,1
DA:13,1
DA:14,1
DA:17,1
DA:18,1
DA:19,1
DA:20,1
DA:21,1
DA:27,1
DA:29,1
DA:32,1
DA:35,1
DA:38,1
DA:41,1
DA:44,1
DA:47,1
DA:50,1
DA:53,1
DA:60,1
DA:63,1
DA:66,1
DA:69,1
DA:72,1
DA:75,1
DA:78,1
DA:81,1
DA:88,1
DA:91,1
DA:94,1
DA:97,1
DA:100,1
DA:103,1
DA:106,1
LF:36
LH:36
BRDA:10,0,0,1
BRDA:10,0,1,1
BRDA:17,1,0,1
BRDA:17,1,1,1
BRDA:103,2,0,1
BRDA:103,2,1,0
BRDA:103,3,0,1
BRDA:103,3,1,1
BRDA:106,4,0,1
BRDA:106,4,1,0
BRDA:106,5,0,1
BRDA:106,5,1,1
BRF:12
BRH:10
end_of_record
